        -:    0:Source:dominion.c
        -:    0:Graph:dominion.gcno
        -:    0:Data:dominion.gcda
        -:    0:Runs:20
        -:    0:Programs:12
        -:    1:#include "dominion.h"
        -:    2:#include "dominion_helpers.h"
        -:    3:#include "rngs.h"
        -:    4:#include <stdio.h>
        -:    5:#include <math.h>
        -:    6:#include <stdlib.h>
        -:    7:
function compare called 600 returned 100% blocks executed 83%
      600:    8:int compare(const void* a, const void* b) {
      600:    9:    if (*(int*)a > *(int*)b)
branch  0 taken 0% (fallthrough)
branch  1 taken 100%
    #####:   10:        return 1;
      600:   11:    if (*(int*)a < *(int*)b)
branch  0 taken 27% (fallthrough)
branch  1 taken 73%
      160:   12:        return -1;
      440:   13:    return 0;
        -:   14:}
        -:   15:
function newGame called 0 returned 0% blocks executed 0%
    #####:   16:struct gameState* newGame() {
    #####:   17:    struct gameState* g = malloc(sizeof(struct gameState));
    #####:   18:    return g;
        -:   19:}
        -:   20:
function kingdomCards called 0 returned 0% blocks executed 0%
    #####:   21:int* kingdomCards(int k1, int k2, int k3, int k4, int k5, int k6, int k7,
        -:   22:                  int k8, int k9, int k10) {
    #####:   23:    int* k = malloc(10 * sizeof(int));
    #####:   24:    k[0] = k1;
    #####:   25:    k[1] = k2;
    #####:   26:    k[2] = k3;
    #####:   27:    k[3] = k4;
    #####:   28:    k[4] = k5;
    #####:   29:    k[5] = k6;
    #####:   30:    k[6] = k7;
    #####:   31:    k[7] = k8;
    #####:   32:    k[8] = k9;
    #####:   33:    k[9] = k10;
    #####:   34:    return k;
        -:   35:}
        -:   36:
function initializeGame called 20 returned 100% blocks executed 88%
       20:   37:int initializeGame(int numPlayers, int kingdomCards[10], int randomSeed,
        -:   38:                   struct gameState *state) {
        -:   39:    int i;
        -:   40:    int j;
        -:   41:    int it;
        -:   42:
        -:   43:    //set up random number generator
       20:   44:    SelectStream(1);
call    0 returned 100%
       20:   45:    PutSeed((long)randomSeed);
call    0 returned 100%
        -:   46:
        -:   47:    //check number of players
       20:   48:    if (numPlayers > MAX_PLAYERS || numPlayers < 2)
branch  0 taken 100% (fallthrough)
branch  1 taken 0%
branch  2 taken 0% (fallthrough)
branch  3 taken 100%
        -:   49:    {
    #####:   50:        return -1;
        -:   51:    }
        -:   52:
        -:   53:    //set number of players
       20:   54:    state->numPlayers = numPlayers;
        -:   55:
        -:   56:    //check selected kingdom cards are different
      220:   57:    for (i = 0; i < 10; i++)
branch  0 taken 91%
branch  1 taken 9% (fallthrough)
        -:   58:    {
     2200:   59:        for (j = 0; j < 10; j++)
branch  0 taken 91%
branch  1 taken 9% (fallthrough)
        -:   60:        {
     2000:   61:            if (j != i && kingdomCards[j] == kingdomCards[i])
branch  0 taken 90% (fallthrough)
branch  1 taken 10%
branch  2 taken 0% (fallthrough)
branch  3 taken 100%
        -:   62:            {
    #####:   63:                return -1;
        -:   64:            }
        -:   65:        }
        -:   66:    }
        -:   67:
        -:   68:
        -:   69:    //initialize supply
        -:   70:    ///////////////////////////////
        -:   71:
        -:   72:    //set number of Curse cards
       20:   73:    if (numPlayers == 2)
branch  0 taken 100% (fallthrough)
branch  1 taken 0%
        -:   74:    {
       20:   75:        state->supplyCount[curse] = 10;
        -:   76:    }
    #####:   77:    else if (numPlayers == 3)
branch  0 never executed
branch  1 never executed
        -:   78:    {
    #####:   79:        state->supplyCount[curse] = 20;
        -:   80:    }
        -:   81:    else
        -:   82:    {
    #####:   83:        state->supplyCount[curse] = 30;
        -:   84:    }
        -:   85:
        -:   86:    //set number of Victory cards
       20:   87:    if (numPlayers == 2)
branch  0 taken 100% (fallthrough)
branch  1 taken 0%
        -:   88:    {
       20:   89:        state->supplyCount[estate] = 8;
       20:   90:        state->supplyCount[duchy] = 8;
       20:   91:        state->supplyCount[province] = 8;
        -:   92:    }
        -:   93:    else
        -:   94:    {
    #####:   95:        state->supplyCount[estate] = 12;
    #####:   96:        state->supplyCount[duchy] = 12;
    #####:   97:        state->supplyCount[province] = 12;
        -:   98:    }
        -:   99:
        -:  100:    //set number of Treasure cards
       20:  101:    state->supplyCount[copper] = 60 - (7 * numPlayers);
       20:  102:    state->supplyCount[silver] = 40;
       20:  103:    state->supplyCount[gold] = 30;
        -:  104:
        -:  105:    //set number of Kingdom cards
      420:  106:    for (i = adventurer; i <= treasure_map; i++)       	//loop all cards
branch  0 taken 95%
branch  1 taken 5% (fallthrough)
        -:  107:    {
     3300:  108:        for (j = 0; j < 10; j++)           		//loop chosen cards
branch  0 taken 94%
branch  1 taken 6% (fallthrough)
        -:  109:        {
     3100:  110:            if (kingdomCards[j] == i)
branch  0 taken 6% (fallthrough)
branch  1 taken 94%
        -:  111:            {
        -:  112:                //check if card is a 'Victory' Kingdom card
      200:  113:                if (kingdomCards[j] == great_hall || kingdomCards[j] == gardens)
branch  0 taken 90% (fallthrough)
branch  1 taken 10%
branch  2 taken 11% (fallthrough)
branch  3 taken 89%
        -:  114:                {
       80:  115:                    if (numPlayers == 2) {
branch  0 taken 100% (fallthrough)
branch  1 taken 0%
       40:  116:                        state->supplyCount[i] = 8;
        -:  117:                    }
        -:  118:                    else {
    #####:  119:                        state->supplyCount[i] = 12;
        -:  120:                    }
        -:  121:                }
        -:  122:                else
        -:  123:                {
      160:  124:                    state->supplyCount[i] = 10;
        -:  125:                }
      200:  126:                break;
        -:  127:            }
        -:  128:            else    //card is not in the set choosen for the game
        -:  129:            {
     2900:  130:                state->supplyCount[i] = -1;
        -:  131:            }
        -:  132:        }
        -:  133:
        -:  134:    }
        -:  135:
        -:  136:    ////////////////////////
        -:  137:    //supply intilization complete
        -:  138:
        -:  139:    //set player decks
       60:  140:    for (i = 0; i < numPlayers; i++)
branch  0 taken 67%
branch  1 taken 33% (fallthrough)
        -:  141:    {
       40:  142:        state->deckCount[i] = 0;
      160:  143:        for (j = 0; j < 3; j++)
branch  0 taken 75%
branch  1 taken 25% (fallthrough)
        -:  144:        {
      120:  145:            state->deck[i][j] = estate;
      120:  146:            state->deckCount[i]++;
        -:  147:        }
      320:  148:        for (j = 3; j < 10; j++)
branch  0 taken 88%
branch  1 taken 13% (fallthrough)
        -:  149:        {
      280:  150:            state->deck[i][j] = copper;
      280:  151:            state->deckCount[i]++;
        -:  152:        }
        -:  153:    }
        -:  154:
        -:  155:    //shuffle player decks
       60:  156:    for (i = 0; i < numPlayers; i++)
branch  0 taken 67%
branch  1 taken 33% (fallthrough)
        -:  157:    {
       40:  158:        if ( shuffle(i, state) < 0 )
call    0 returned 100%
branch  1 taken 0% (fallthrough)
branch  2 taken 100%
        -:  159:        {
    #####:  160:            return -1;
        -:  161:        }
        -:  162:    }
        -:  163:
        -:  164:    //draw player hands
       60:  165:    for (i = 0; i < numPlayers; i++)
branch  0 taken 67%
branch  1 taken 33% (fallthrough)
        -:  166:    {
        -:  167:        //initialize hand size to zero
       40:  168:        state->handCount[i] = 0;
       40:  169:        state->discardCount[i] = 0;
        -:  170:        //draw 5 cards
        -:  171:        // for (j = 0; j < 5; j++)
        -:  172:        //	{
        -:  173:        //	  drawCard(i, state);
        -:  174:        //	}
        -:  175:    }
        -:  176:
        -:  177:    //set embargo tokens to 0 for all supply piles
      560:  178:    for (i = 0; i <= treasure_map; i++)
branch  0 taken 96%
branch  1 taken 4% (fallthrough)
        -:  179:    {
      540:  180:        state->embargoTokens[i] = 0;
        -:  181:    }
        -:  182:
        -:  183:    //initialize first player's turn
       20:  184:    state->outpostPlayed = 0;
       20:  185:    state->phase = 0;
       20:  186:    state->numActions = 1;
       20:  187:    state->numBuys = 1;
       20:  188:    state->playedCardCount = 0;
       20:  189:    state->whoseTurn = 0;
       20:  190:    state->handCount[state->whoseTurn] = 0;
        -:  191:    //int it; move to top
        -:  192:
        -:  193:    //Moved draw cards to here, only drawing at the start of a turn
      120:  194:    for (it = 0; it < 5; it++) {
branch  0 taken 83%
branch  1 taken 17% (fallthrough)
      100:  195:        drawCard(state->whoseTurn, state);
call    0 returned 100%
        -:  196:    }
        -:  197:
       20:  198:    updateCoins(state->whoseTurn, state, 0);
call    0 returned 100%
        -:  199:
       20:  200:    return 0;
        -:  201:}
        -:  202:
function shuffle called 40 returned 100% blocks executed 94%
       40:  203:int shuffle(int player, struct gameState *state) {
        -:  204:
        -:  205:
        -:  206:    int newDeck[MAX_DECK];
       40:  207:    int newDeckPos = 0;
        -:  208:    int card;
        -:  209:    int i;
        -:  210:
       40:  211:    if (state->deckCount[player] < 1)
branch  0 taken 0% (fallthrough)
branch  1 taken 100%
    #####:  212:        return -1;
       40:  213:    qsort ((void*)(state->deck[player]), state->deckCount[player], sizeof(int), compare);
call    0 returned 100%
        -:  214:    /* SORT CARDS IN DECK TO ENSURE DETERMINISM! */
        -:  215:
      480:  216:    while (state->deckCount[player] > 0) {
branch  0 taken 91%
branch  1 taken 9% (fallthrough)
      400:  217:        card = floor(Random() * state->deckCount[player]);
call    0 returned 100%
      400:  218:        newDeck[newDeckPos] = state->deck[player][card];
      400:  219:        newDeckPos++;
     1230:  220:        for (i = card; i < state->deckCount[player]-1; i++) {
branch  0 taken 67%
branch  1 taken 33% (fallthrough)
      830:  221:            state->deck[player][i] = state->deck[player][i+1];
        -:  222:        }
      400:  223:        state->deckCount[player]--;
        -:  224:    }
      440:  225:    for (i = 0; i < newDeckPos; i++) {
branch  0 taken 91%
branch  1 taken 9% (fallthrough)
      400:  226:        state->deck[player][i] = newDeck[i];
      400:  227:        state->deckCount[player]++;
        -:  228:    }
        -:  229:
       40:  230:    return 0;
        -:  231:}
        -:  232:
function playCard called 0 returned 0% blocks executed 0%
    #####:  233:int playCard(int handPos, int choice1, int choice2, int choice3, struct gameState *state)
        -:  234:{
        -:  235:    int card;
    #####:  236:    int coin_bonus = 0; 		//tracks coins gain from actions
        -:  237:
        -:  238:    //check if it is the right phase
    #####:  239:    if (state->phase != 0)
branch  0 never executed
branch  1 never executed
        -:  240:    {
    #####:  241:        return -1;
        -:  242:    }
        -:  243:
        -:  244:    //check if player has enough actions
    #####:  245:    if ( state->numActions < 1 )
branch  0 never executed
branch  1 never executed
        -:  246:    {
    #####:  247:        return -1;
        -:  248:    }
        -:  249:
        -:  250:    //get card played
    #####:  251:    card = handCard(handPos, state);
call    0 never executed
        -:  252:
        -:  253:    //check if selected card is an action
    #####:  254:    if ( card < adventurer || card > treasure_map )
branch  0 never executed
branch  1 never executed
branch  2 never executed
branch  3 never executed
        -:  255:    {
    #####:  256:        return -1;
        -:  257:    }
        -:  258:
        -:  259:    //play card
    #####:  260:    if ( cardEffect(card, choice1, choice2, choice3, state, handPos, &coin_bonus) < 0 )
call    0 never executed
branch  1 never executed
branch  2 never executed
        -:  261:    {
    #####:  262:        return -1;
        -:  263:    }
        -:  264:
        -:  265:    //reduce number of actions
    #####:  266:    state->numActions--;
        -:  267:
        -:  268:    //update coins (Treasure cards may be added with card draws)
    #####:  269:    updateCoins(state->whoseTurn, state, coin_bonus);
call    0 never executed
        -:  270:
    #####:  271:    return 0;
        -:  272:}
        -:  273:
function buyCard called 0 returned 0% blocks executed 0%
    #####:  274:int buyCard(int supplyPos, struct gameState *state) {
        -:  275:    int who;
        -:  276:    if (DEBUG) {
        -:  277:        printf("Entering buyCard...\n");
        -:  278:    }
        -:  279:
        -:  280:    // I don't know what to do about the phase thing.
        -:  281:
    #####:  282:    who = state->whoseTurn;
        -:  283:
    #####:  284:    if (state->numBuys < 1) {
branch  0 never executed
branch  1 never executed
        -:  285:        if (DEBUG)
        -:  286:            printf("You do not have any buys left\n");
    #####:  287:        return -1;
    #####:  288:    } else if (supplyCount(supplyPos, state) <1) {
call    0 never executed
branch  1 never executed
branch  2 never executed
        -:  289:        if (DEBUG)
        -:  290:            printf("There are not any of that type of card left\n");
    #####:  291:        return -1;
    #####:  292:    } else if (state->coins < getCost(supplyPos)) {
call    0 never executed
branch  1 never executed
branch  2 never executed
        -:  293:        if (DEBUG)
        -:  294:            printf("You do not have enough money to buy that. You have %d coins.\n", state->coins);
    #####:  295:        return -1;
        -:  296:    } else {
    #####:  297:        state->phase=1;
        -:  298:        //state->supplyCount[supplyPos]--;
    #####:  299:        gainCard(supplyPos, state, 0, who); //card goes in discard, this might be wrong.. (2 means goes into hand, 0 goes into discard)
call    0 never executed
        -:  300:
    #####:  301:        state->coins = (state->coins) - (getCost(supplyPos));
call    0 never executed
    #####:  302:        state->numBuys--;
        -:  303:        if (DEBUG)
        -:  304:            printf("You bought card number %d for %d coins. You now have %d buys and %d coins.\n", supplyPos, getCost(supplyPos), state->numBuys, state->coins);
        -:  305:    }
        -:  306:
        -:  307:    //state->discard[who][state->discardCount[who]] = supplyPos;
        -:  308:    //state->discardCount[who]++;
        -:  309:
    #####:  310:    return 0;
        -:  311:}
        -:  312:
function numHandCards called 0 returned 0% blocks executed 0%
    #####:  313:int numHandCards(struct gameState *state) {
    #####:  314:    return state->handCount[ whoseTurn(state) ];
call    0 never executed
        -:  315:}
        -:  316:
function handCard called 0 returned 0% blocks executed 0%
    #####:  317:int handCard(int handPos, struct gameState *state) {
    #####:  318:    int currentPlayer = whoseTurn(state);
call    0 never executed
    #####:  319:    return state->hand[currentPlayer][handPos];
        -:  320:}
        -:  321:
function supplyCount called 858 returned 100% blocks executed 100%
      858:  322:int supplyCount(int card, struct gameState *state) {
      858:  323:    return state->supplyCount[card];
        -:  324:}
        -:  325:
function fullDeckCount called 0 returned 0% blocks executed 0%
    #####:  326:int fullDeckCount(int player, int card, struct gameState *state) {
        -:  327:    int i;
    #####:  328:    int count = 0;
        -:  329:
    #####:  330:    for (i = 0; i < state->deckCount[player]; i++)
branch  0 never executed
branch  1 never executed
        -:  331:    {
    #####:  332:        if (state->deck[player][i] == card) count++;
branch  0 never executed
branch  1 never executed
        -:  333:    }
        -:  334:
    #####:  335:    for (i = 0; i < state->handCount[player]; i++)
branch  0 never executed
branch  1 never executed
        -:  336:    {
    #####:  337:        if (state->hand[player][i] == card) count++;
branch  0 never executed
branch  1 never executed
        -:  338:    }
        -:  339:
    #####:  340:    for (i = 0; i < state->discardCount[player]; i++)
branch  0 never executed
branch  1 never executed
        -:  341:    {
    #####:  342:        if (state->discard[player][i] == card) count++;
branch  0 never executed
branch  1 never executed
        -:  343:    }
        -:  344:
    #####:  345:    return count;
        -:  346:}
        -:  347:
function whoseTurn called 3709 returned 100% blocks executed 100%
     3709:  348:int whoseTurn(struct gameState *state) {
     3709:  349:    return state->whoseTurn;
        -:  350:}
        -:  351:
function endTurn called 0 returned 0% blocks executed 0%
    #####:  352:int endTurn(struct gameState *state) {
        -:  353:    int k;
        -:  354:    int i;
    #####:  355:    int currentPlayer = whoseTurn(state);
call    0 never executed
        -:  356:
        -:  357:    //Discard hand
    #####:  358:    for (i = 0; i < state->handCount[currentPlayer]; i++) {
branch  0 never executed
branch  1 never executed
    #####:  359:        state->discard[currentPlayer][state->discardCount[currentPlayer]++] = state->hand[currentPlayer][i];//Discard
    #####:  360:        state->hand[currentPlayer][i] = -1;//Set card to -1
        -:  361:    }
    #####:  362:    state->handCount[currentPlayer] = 0;//Reset hand count
        -:  363:
        -:  364:    //Code for determining the player
    #####:  365:    if (currentPlayer < (state->numPlayers - 1)) {
branch  0 never executed
branch  1 never executed
    #####:  366:        state->whoseTurn = currentPlayer + 1;//Still safe to increment
        -:  367:    }
        -:  368:    else {
    #####:  369:        state->whoseTurn = 0;//Max player has been reached, loop back around to player 1
        -:  370:    }
        -:  371:
    #####:  372:    state->outpostPlayed = 0;
    #####:  373:    state->phase = 0;
    #####:  374:    state->numActions = 1;
    #####:  375:    state->coins = 0;
    #####:  376:    state->numBuys = 1;
    #####:  377:    state->playedCardCount = 0;
    #####:  378:    state->handCount[state->whoseTurn] = 0;
        -:  379:
        -:  380:    //int k; move to top
        -:  381:    //Next player draws hand
    #####:  382:    for (k = 0; k < 5; k++) {
branch  0 never executed
branch  1 never executed
    #####:  383:        drawCard(state->whoseTurn, state);//Draw a card
call    0 never executed
        -:  384:    }
        -:  385:
        -:  386:    //Update money
    #####:  387:    updateCoins(state->whoseTurn, state, 0);
call    0 never executed
        -:  388:
    #####:  389:    return 0;
        -:  390:}
        -:  391:
function isGameOver called 7002 returned 100% blocks executed 91%
     7002:  392:int isGameOver(struct gameState *state) {
        -:  393:    int i;
        -:  394:    int j;
        -:  395:
        -:  396:    //if stack of Province cards is empty, the game ends
     7002:  397:    if (state->supplyCount[province] == 0)
branch  0 taken 0% (fallthrough)
branch  1 taken 100%
        -:  398:    {
    #####:  399:        return 1;
        -:  400:    }
        -:  401:
        -:  402:    //if three supply pile are at 0, the game ends
     7002:  403:    j = 0;
   182052:  404:    for (i = 0; i < 25; i++)
branch  0 taken 96%
branch  1 taken 4% (fallthrough)
        -:  405:    {
   175050:  406:        if (state->supplyCount[i] == 0)
branch  0 taken 11% (fallthrough)
branch  1 taken 89%
        -:  407:        {
    19641:  408:            j++;
        -:  409:        }
        -:  410:    }
     7002:  411:    if ( j >= 3)
branch  0 taken 81% (fallthrough)
branch  1 taken 19%
        -:  412:    {
     5682:  413:        return 1;
        -:  414:    }
        -:  415:
     1320:  416:    return 0;
        -:  417:}
        -:  418:
function scoreFor called 0 returned 0% blocks executed 0%
    #####:  419:int scoreFor (int player, struct gameState *state) {
        -:  420:
        -:  421:    int i;
    #####:  422:    int score = 0;
        -:  423:    //score from hand
    #####:  424:    for (i = 0; i < state->handCount[player]; i++)
branch  0 never executed
branch  1 never executed
        -:  425:    {
    #####:  426:        if (state->hand[player][i] == curse) {
branch  0 never executed
branch  1 never executed
    #####:  427:            score = score - 1;
        -:  428:        };
    #####:  429:        if (state->hand[player][i] == estate) {
branch  0 never executed
branch  1 never executed
    #####:  430:            score = score + 1;
        -:  431:        };
    #####:  432:        if (state->hand[player][i] == duchy) {
branch  0 never executed
branch  1 never executed
    #####:  433:            score = score + 3;
        -:  434:        };
    #####:  435:        if (state->hand[player][i] == province) {
branch  0 never executed
branch  1 never executed
    #####:  436:            score = score + 6;
        -:  437:        };
    #####:  438:        if (state->hand[player][i] == great_hall) {
branch  0 never executed
branch  1 never executed
    #####:  439:            score = score + 1;
        -:  440:        };
    #####:  441:        if (state->hand[player][i] == gardens) {
branch  0 never executed
branch  1 never executed
    #####:  442:            score = score + ( fullDeckCount(player, 0, state) / 10 );
call    0 never executed
        -:  443:        };
        -:  444:    }
        -:  445:
        -:  446:    //score from discard
    #####:  447:    for (i = 0; i < state->discardCount[player]; i++)
branch  0 never executed
branch  1 never executed
        -:  448:    {
    #####:  449:        if (state->discard[player][i] == curse) {
branch  0 never executed
branch  1 never executed
    #####:  450:            score = score - 1;
        -:  451:        };
    #####:  452:        if (state->discard[player][i] == estate) {
branch  0 never executed
branch  1 never executed
    #####:  453:            score = score + 1;
        -:  454:        };
    #####:  455:        if (state->discard[player][i] == duchy) {
branch  0 never executed
branch  1 never executed
    #####:  456:            score = score + 3;
        -:  457:        };
    #####:  458:        if (state->discard[player][i] == province) {
branch  0 never executed
branch  1 never executed
    #####:  459:            score = score + 6;
        -:  460:        };
    #####:  461:        if (state->discard[player][i] == great_hall) {
branch  0 never executed
branch  1 never executed
    #####:  462:            score = score + 1;
        -:  463:        };
    #####:  464:        if (state->discard[player][i] == gardens) {
branch  0 never executed
branch  1 never executed
    #####:  465:            score = score + ( fullDeckCount(player, 0, state) / 10 );
call    0 never executed
        -:  466:        };
        -:  467:    }
        -:  468:
        -:  469:    //score from deck
    #####:  470:    for (i = 0; i < state->discardCount[player]; i++)
branch  0 never executed
branch  1 never executed
        -:  471:    {
    #####:  472:        if (state->deck[player][i] == curse) {
branch  0 never executed
branch  1 never executed
    #####:  473:            score = score - 1;
        -:  474:        };
    #####:  475:        if (state->deck[player][i] == estate) {
branch  0 never executed
branch  1 never executed
    #####:  476:            score = score + 1;
        -:  477:        };
    #####:  478:        if (state->deck[player][i] == duchy) {
branch  0 never executed
branch  1 never executed
    #####:  479:            score = score + 3;
        -:  480:        };
    #####:  481:        if (state->deck[player][i] == province) {
branch  0 never executed
branch  1 never executed
    #####:  482:            score = score + 6;
        -:  483:        };
    #####:  484:        if (state->deck[player][i] == great_hall) {
branch  0 never executed
branch  1 never executed
    #####:  485:            score = score + 1;
        -:  486:        };
    #####:  487:        if (state->deck[player][i] == gardens) {
branch  0 never executed
branch  1 never executed
    #####:  488:            score = score + ( fullDeckCount(player, 0, state) / 10 );
call    0 never executed
        -:  489:        };
        -:  490:    }
        -:  491:
    #####:  492:    return score;
        -:  493:}
        -:  494:
function getWinners called 0 returned 0% blocks executed 0%
    #####:  495:int getWinners(int players[MAX_PLAYERS], struct gameState *state) {
        -:  496:    int i;
        -:  497:    int j;
        -:  498:    int highScore;
        -:  499:    int currentPlayer;
        -:  500:
        -:  501:    //get score for each player
    #####:  502:    for (i = 0; i < MAX_PLAYERS; i++)
branch  0 never executed
branch  1 never executed
        -:  503:    {
        -:  504:        //set unused player scores to -9999
    #####:  505:        if (i >= state->numPlayers)
branch  0 never executed
branch  1 never executed
        -:  506:        {
    #####:  507:            players[i] = -9999;
        -:  508:        }
        -:  509:        else
        -:  510:        {
    #####:  511:            players[i] = scoreFor (i, state);
call    0 never executed
        -:  512:        }
        -:  513:    }
        -:  514:
        -:  515:    //find highest score
    #####:  516:    j = 0;
    #####:  517:    for (i = 0; i < MAX_PLAYERS; i++)
branch  0 never executed
branch  1 never executed
        -:  518:    {
    #####:  519:        if (players[i] > players[j])
branch  0 never executed
branch  1 never executed
        -:  520:        {
    #####:  521:            j = i;
        -:  522:        }
        -:  523:    }
    #####:  524:    highScore = players[j];
        -:  525:
        -:  526:    //add 1 to players who had less turns
    #####:  527:    currentPlayer = whoseTurn(state);
call    0 never executed
    #####:  528:    for (i = 0; i < MAX_PLAYERS; i++)
branch  0 never executed
branch  1 never executed
        -:  529:    {
    #####:  530:        if ( players[i] == highScore && i > currentPlayer )
branch  0 never executed
branch  1 never executed
branch  2 never executed
branch  3 never executed
        -:  531:        {
    #####:  532:            players[i]++;
        -:  533:        }
        -:  534:    }
        -:  535:
        -:  536:    //find new highest score
    #####:  537:    j = 0;
    #####:  538:    for (i = 0; i < MAX_PLAYERS; i++)
branch  0 never executed
branch  1 never executed
        -:  539:    {
    #####:  540:        if ( players[i] > players[j] )
branch  0 never executed
branch  1 never executed
        -:  541:        {
    #####:  542:            j = i;
        -:  543:        }
        -:  544:    }
    #####:  545:    highScore = players[j];
        -:  546:
        -:  547:    //set winners in array to 1 and rest to 0
    #####:  548:    for (i = 0; i < MAX_PLAYERS; i++)
branch  0 never executed
branch  1 never executed
        -:  549:    {
    #####:  550:        if ( players[i] == highScore )
branch  0 never executed
branch  1 never executed
        -:  551:        {
    #####:  552:            players[i] = 1;
        -:  553:        }
        -:  554:        else
        -:  555:        {
    #####:  556:            players[i] = 0;
        -:  557:        }
        -:  558:    }
        -:  559:
    #####:  560:    return 0;
        -:  561:}
        -:  562:
function drawCard called 100 returned 100% blocks executed 38%
      100:  563:int drawCard(int player, struct gameState *state)
        -:  564:{   int count;
        -:  565:    int deckCounter;
      100:  566:    if (state->deckCount[player] <= 0) { //Deck is empty
branch  0 taken 0% (fallthrough)
branch  1 taken 100%
        -:  567:
        -:  568:        //Step 1 Shuffle the discard pile back into a deck
        -:  569:        int i;
        -:  570:        //Move discard to deck
    #####:  571:        for (i = 0; i < state->discardCount[player]; i++) {
branch  0 never executed
branch  1 never executed
    #####:  572:            state->deck[player][i] = state->discard[player][i];
    #####:  573:            state->discard[player][i] = -1;
        -:  574:        }
        -:  575:
    #####:  576:        state->deckCount[player] = state->discardCount[player];
    #####:  577:        state->discardCount[player] = 0;//Reset discard
        -:  578:
        -:  579:        //Shufffle the deck
    #####:  580:        shuffle(player, state);//Shuffle the deck up and make it so that we can draw
call    0 never executed
        -:  581:
        -:  582:        if (DEBUG) { //Debug statements
        -:  583:            printf("Deck count now: %d\n", state->deckCount[player]);
        -:  584:        }
        -:  585:
    #####:  586:        state->discardCount[player] = 0;
        -:  587:
        -:  588:        //Step 2 Draw Card
    #####:  589:        count = state->handCount[player];//Get current player's hand count
        -:  590:
        -:  591:        if (DEBUG) { //Debug statements
        -:  592:            printf("Current hand count: %d\n", count);
        -:  593:        }
        -:  594:
    #####:  595:        deckCounter = state->deckCount[player];//Create a holder for the deck count
        -:  596:
    #####:  597:        if (deckCounter == 0)
branch  0 never executed
branch  1 never executed
    #####:  598:            return -1;
        -:  599:
    #####:  600:        state->hand[player][count] = state->deck[player][deckCounter - 1];//Add card to hand
    #####:  601:        state->deckCount[player]--;
    #####:  602:        state->handCount[player]++;//Increment hand count
        -:  603:    }
        -:  604:
        -:  605:    else {
      100:  606:        int count = state->handCount[player];//Get current hand count for player
        -:  607:        int deckCounter;
        -:  608:        if (DEBUG) { //Debug statements
        -:  609:            printf("Current hand count: %d\n", count);
        -:  610:        }
        -:  611:
      100:  612:        deckCounter = state->deckCount[player];//Create holder for the deck count
      100:  613:        state->hand[player][count] = state->deck[player][deckCounter - 1];//Add card to the hand
      100:  614:        state->deckCount[player]--;
      100:  615:        state->handCount[player]++;//Increment hand count
        -:  616:    }
        -:  617:
      100:  618:    return 0;
        -:  619:}
        -:  620:
function getCost called 14814 returned 100% blocks executed 97%
    14814:  621:int getCost(int cardNumber)
        -:  622:{
    14814:  623:    switch( cardNumber )
branch  0 taken 4%
branch  1 taken 4%
branch  2 taken 4%
branch  3 taken 4%
branch  4 taken 4%
branch  5 taken 4%
branch  6 taken 4%
branch  7 taken 4%
branch  8 taken 4%
branch  9 taken 4%
branch 10 taken 4%
branch 11 taken 4%
branch 12 taken 4%
branch 13 taken 4%
branch 14 taken 4%
branch 15 taken 4%
branch 16 taken 4%
branch 17 taken 4%
branch 18 taken 4%
branch 19 taken 4%
branch 20 taken 4%
branch 21 taken 4%
branch 22 taken 4%
branch 23 taken 4%
branch 24 taken 4%
branch 25 taken 4%
branch 26 taken 4%
branch 27 taken 0%
        -:  624:    {
        -:  625:    case curse:
      540:  626:        return 0;
        -:  627:    case estate:
      540:  628:        return 2;
        -:  629:    case duchy:
      540:  630:        return 5;
        -:  631:    case province:
      550:  632:        return 8;
        -:  633:    case copper:
      618:  634:        return 0;
        -:  635:    case silver:
      617:  636:        return 3;
        -:  637:    case gold:
      609:  638:        return 6;
        -:  639:    case adventurer:
      540:  640:        return 6;
        -:  641:    case council_room:
      540:  642:        return 5;
        -:  643:    case feast:
      540:  644:        return 4;
        -:  645:    case gardens:
      540:  646:        return 4;
        -:  647:    case mine:
      540:  648:        return 5;
        -:  649:    case remodel:
      540:  650:        return 4;
        -:  651:    case smithy:
      540:  652:        return 4;
        -:  653:    case village:
      540:  654:        return 3;
        -:  655:    case baron:
      540:  656:        return 4;
        -:  657:    case great_hall:
      540:  658:        return 3;
        -:  659:    case minion:
      540:  660:        return 5;
        -:  661:    case steward:
      540:  662:        return 3;
        -:  663:    case tribute:
      540:  664:        return 5;
        -:  665:    case ambassador:
      540:  666:        return 3;
        -:  667:    case cutpurse:
      540:  668:        return 4;
        -:  669:    case embargo:
      540:  670:        return 2;
        -:  671:    case outpost:
      540:  672:        return 5;
        -:  673:    case salvager:
      540:  674:        return 4;
        -:  675:    case sea_hag:
      540:  676:        return 4;
        -:  677:    case treasure_map:
      540:  678:        return 4;
        -:  679:    }
        -:  680:
    #####:  681:    return -1;
        -:  682:}
        -:  683:
function cardEffect called 3709 returned 100% blocks executed 14%
     3709:  684:int cardEffect(int card, int choice1, int choice2, int choice3, struct gameState *state, int handPos, int *bonus)
        -:  685:{
        -:  686:
        -:  687:    int i;
        -:  688:    int j;
        -:  689:    int k;
        -:  690:    int x;
        -:  691:    int index;
        -:  692:
     3709:  693:    int currentPlayer = whoseTurn(state);
call    0 returned 100%
        -:  694:
     3709:  695:    int nextPlayer = currentPlayer + 1;
        -:  696:
     3709:  697:    int tributeRevealedCards[2] = {-1, -1};
        -:  698:    int temphand[MAX_HAND];// moved above the if statement
     3709:  699:    int drawntreasure=0;
        -:  700:    int cardDrawn;
     3709:  701:    int z = 0;// this is the counter for the temp hand
     3709:  702:    if (nextPlayer > (state->numPlayers - 1)) {
branch  0 taken 0% (fallthrough)
branch  1 taken 100%
    #####:  703:        nextPlayer = 0;
        -:  704:    }
        -:  705:
        -:  706:
        -:  707:    //uses switch to select card and perform actions
     3709:  708:    switch( card )
branch  0 taken 0%
branch  1 taken 0%
branch  2 taken 0%
branch  3 taken 0%
branch  4 taken 2%
branch  5 taken 98%
branch  6 taken 0%
branch  7 taken 0%
branch  8 taken 0%
branch  9 taken 0%
branch 10 taken 0%
branch 11 taken 0%
branch 12 taken 0%
branch 13 taken 0%
branch 14 taken 0%
branch 15 taken 0%
branch 16 taken 0%
branch 17 taken 0%
branch 18 taken 0%
branch 19 taken 0%
branch 20 taken 0%
        -:  709:    {
        -:  710:    case adventurer:
    #####:  711:        while(drawntreasure<2) {
branch  0 never executed
branch  1 never executed
    #####:  712:            if (state->deckCount[currentPlayer] <1) { //if the deck is empty we need to shuffle discard and add to deck
branch  0 never executed
branch  1 never executed
    #####:  713:                shuffle(currentPlayer, state);
call    0 never executed
        -:  714:            }
    #####:  715:            drawCard(currentPlayer, state);
call    0 never executed
    #####:  716:            cardDrawn = state->hand[currentPlayer][state->handCount[currentPlayer]-1];//top card of hand is most recently drawn card.
    #####:  717:            if (cardDrawn == copper || cardDrawn == silver || cardDrawn == gold)
branch  0 never executed
branch  1 never executed
branch  2 never executed
branch  3 never executed
branch  4 never executed
branch  5 never executed
    #####:  718:                drawntreasure++;
        -:  719:            else {
    #####:  720:                temphand[z]=cardDrawn;
    #####:  721:                state->handCount[currentPlayer]--; //this should just remove the top card (the most recently drawn one).
    #####:  722:                z++;
        -:  723:            }
        -:  724:        }
    #####:  725:        while(z-1>=0) {
branch  0 never executed
branch  1 never executed
    #####:  726:            state->discard[currentPlayer][state->discardCount[currentPlayer]++]=temphand[z-1]; // discard all cards in play that have been drawn
    #####:  727:            z=z-1;
        -:  728:        }
    #####:  729:        return 0;
        -:  730:
        -:  731:    case council_room:
        -:  732:        //+4 Cards
    #####:  733:        for (i = 0; i < 4; i++)
branch  0 never executed
branch  1 never executed
        -:  734:        {
    #####:  735:            drawCard(currentPlayer, state);
call    0 never executed
        -:  736:        }
        -:  737:
        -:  738:        //+1 Buy
    #####:  739:        state->numBuys++;
        -:  740:
        -:  741:        //Each other player draws a card
    #####:  742:        for (i = 0; i < state->numPlayers; i++)
branch  0 never executed
branch  1 never executed
        -:  743:        {
    #####:  744:            if ( i != currentPlayer )
branch  0 never executed
branch  1 never executed
        -:  745:            {
    #####:  746:                drawCard(i, state);
call    0 never executed
        -:  747:            }
        -:  748:        }
        -:  749:
        -:  750:        //put played card in played card pile
    #####:  751:        discardCard(handPos, currentPlayer, state, 0);
call    0 never executed
        -:  752:
    #####:  753:        return 0;
        -:  754:
        -:  755:    case feast:
        -:  756:        //gain card with cost up to 5
        -:  757:        //Backup hand
    #####:  758:        for (i = 0; i <= state->handCount[currentPlayer]; i++) {
branch  0 never executed
branch  1 never executed
    #####:  759:            temphand[i] = state->hand[currentPlayer][i];//Backup card
    #####:  760:            state->hand[currentPlayer][i] = -1;//Set to nothing
        -:  761:        }
        -:  762:        //Backup hand
        -:  763:
        -:  764:        //Update Coins for Buy
    #####:  765:        updateCoins(currentPlayer, state, 5);
call    0 never executed
    #####:  766:        x = 1;//Condition to loop on
    #####:  767:        while( x == 1) {//Buy one card
branch  0 never executed
branch  1 never executed
    #####:  768:            if (supplyCount(choice1, state) <= 0) {
call    0 never executed
branch  1 never executed
branch  2 never executed
        -:  769:                if (DEBUG)
        -:  770:                    printf("None of that card left, sorry!\n");
        -:  771:
        -:  772:                if (DEBUG) {
        -:  773:                    printf("Cards Left: %d\n", supplyCount(choice1, state));
        -:  774:                }
        -:  775:            }
    #####:  776:            else if (state->coins < getCost(choice1)) {
call    0 never executed
branch  1 never executed
branch  2 never executed
    #####:  777:                printf("That card is too expensive!\n");
call    0 never executed
        -:  778:
        -:  779:                if (DEBUG) {
        -:  780:                    printf("Coins: %d < %d\n", state->coins, getCost(choice1));
        -:  781:                }
        -:  782:            }
        -:  783:            else {
        -:  784:
        -:  785:                if (DEBUG) {
        -:  786:                    printf("Deck Count: %d\n", state->handCount[currentPlayer] + state->deckCount[currentPlayer] + state->discardCount[currentPlayer]);
        -:  787:                }
        -:  788:
    #####:  789:                gainCard(choice1, state, 0, currentPlayer);//Gain the card
call    0 never executed
    #####:  790:                x = 0;//No more buying cards
        -:  791:
        -:  792:                if (DEBUG) {
        -:  793:                    printf("Deck Count: %d\n", state->handCount[currentPlayer] + state->deckCount[currentPlayer] + state->discardCount[currentPlayer]);
        -:  794:                }
        -:  795:
        -:  796:            }
        -:  797:        }
        -:  798:
        -:  799:        //Reset Hand
    #####:  800:        for (i = 0; i <= state->handCount[currentPlayer]; i++) {
branch  0 never executed
branch  1 never executed
    #####:  801:            state->hand[currentPlayer][i] = temphand[i];
    #####:  802:            temphand[i] = -1;
        -:  803:        }
        -:  804:        //Reset Hand
        -:  805:
    #####:  806:        return 0;
        -:  807:
        -:  808:    case gardens:
    #####:  809:        return -1;
        -:  810:
        -:  811:    case mine:
        -:  812:	
       64:  813:        j = state->hand[currentPlayer][choice1];  //store card we will trash
        -:  814:
       64:  815:        if (state->hand[currentPlayer][choice1] < copper || state->hand[currentPlayer][choice1] > gold)
branch  0 taken 98% (fallthrough)
branch  1 taken 2%
branch  2 taken 0% (fallthrough)
branch  3 taken 100%
        -:  816:        {
        1:  817:            return -1;
        -:  818:        }
        -:  819:
       63:  820:        if (choice2 > treasure_map || choice2 < curse)
branch  0 taken 100% (fallthrough)
branch  1 taken 0%
branch  2 taken 0% (fallthrough)
branch  3 taken 100%
        -:  821:        {
    #####:  822:            return -1;
        -:  823:        }
        -:  824:
       63:  825:        if ( (getCost(state->hand[currentPlayer][choice1]) + 3) > getCost(choice2) )
call    0 returned 100%
call    1 returned 100%
branch  2 taken 56% (fallthrough)
branch  3 taken 44%
        -:  826:        {
       35:  827:            return -1;
        -:  828:        }
        -:  829:
       28:  830:        gainCard(choice2, state, 2, currentPlayer);
call    0 returned 100%
        -:  831:
        -:  832:        //discard card from hand
       28:  833:        discardCard(handPos, currentPlayer, state, 0);
call    0 returned 100%
        -:  834:
        -:  835:        //discard trashed card
       56:  836:        for (i = 0; i < state->handCount[currentPlayer]; i++)
branch  0 taken 100%
branch  1 taken 0% (fallthrough)
        -:  837:        {
       56:  838:            if (state->hand[currentPlayer][i] == j)
branch  0 taken 50% (fallthrough)
branch  1 taken 50%
        -:  839:            {
       28:  840:                discardCard(i, currentPlayer, state, 0);
call    0 returned 100%
       28:  841:                break;
        -:  842:            }
        -:  843:        }
        -:  844:
       28:  845:        return 0;
        -:  846:
        -:  847:    case remodel:
     3645:  848:        j = state->hand[currentPlayer][choice1];  //store card we will trash
        -:  849:
     3645:  850:        if ( (getCost(state->hand[currentPlayer][choice1]) + 2) > getCost(choice2) )
call    0 returned 100%
call    1 returned 100%
branch  2 taken 77% (fallthrough)
branch  3 taken 23%
        -:  851:        {
     2815:  852:            return -1;
        -:  853:        }
        -:  854:
      830:  855:        gainCard(choice2, state, 0, currentPlayer);
call    0 returned 100%
        -:  856:
        -:  857:        //discard card from hand
      830:  858:        discardCard(handPos, currentPlayer, state, 0);
call    0 returned 100%
        -:  859:
        -:  860:        //discard trashed card
     1556:  861:        for (i = 0; i < state->handCount[currentPlayer]; i++)
branch  0 taken 100%
branch  1 taken 0% (fallthrough)
        -:  862:        {
     1556:  863:            if (state->hand[currentPlayer][i] == j)
branch  0 taken 53% (fallthrough)
branch  1 taken 47%
        -:  864:            {
      830:  865:                discardCard(i, currentPlayer, state, 0);
call    0 returned 100%
      830:  866:                break;
        -:  867:            }
        -:  868:        }
        -:  869:
        -:  870:
      830:  871:        return 0;
        -:  872:
        -:  873:    case smithy:
        -:  874:        //+3 Cards
    #####:  875:        for (i = 0; i < 3; i++)
branch  0 never executed
branch  1 never executed
        -:  876:        {
    #####:  877:            drawCard(currentPlayer, state);
call    0 never executed
        -:  878:        }
        -:  879:
        -:  880:        //discard card from hand
    #####:  881:        discardCard(handPos, currentPlayer, state, 0);
call    0 never executed
    #####:  882:        return 0;
        -:  883:
        -:  884:    case village:
        -:  885:        //+1 Card
    #####:  886:        drawCard(currentPlayer, state);
call    0 never executed
        -:  887:
        -:  888:        //+2 Actions
    #####:  889:        state->numActions = state->numActions + 2;
        -:  890:
        -:  891:        //discard played card from hand
    #####:  892:        discardCard(handPos, currentPlayer, state, 0);
call    0 never executed
    #####:  893:        return 0;
        -:  894:
        -:  895:    case baron:
    #####:  896:        state->numBuys++;//Increase buys by 1!
    #####:  897:        if (choice1 > 0) { //Boolean true or going to discard an estate
branch  0 never executed
branch  1 never executed
    #####:  898:            int p = 0;//Iterator for hand!
    #####:  899:            int card_not_discarded = 1;//Flag for discard set!
    #####:  900:            while(card_not_discarded) {
branch  0 never executed
branch  1 never executed
    #####:  901:                if (state->hand[currentPlayer][p] == estate) { //Found an estate card!
branch  0 never executed
branch  1 never executed
    #####:  902:                    state->coins += 4;//Add 4 coins to the amount of coins
    #####:  903:                    state->discard[currentPlayer][state->discardCount[currentPlayer]] = state->hand[currentPlayer][p];
    #####:  904:                    state->discardCount[currentPlayer]++;
    #####:  905:                    for (; p < state->handCount[currentPlayer]; p++) {
branch  0 never executed
branch  1 never executed
    #####:  906:                        state->hand[currentPlayer][p] = state->hand[currentPlayer][p+1];
        -:  907:                    }
    #####:  908:                    state->hand[currentPlayer][state->handCount[currentPlayer]] = -1;
    #####:  909:                    state->handCount[currentPlayer]--;
    #####:  910:                    card_not_discarded = 0;//Exit the loop
        -:  911:                }
    #####:  912:                else if (p > state->handCount[currentPlayer]) {
branch  0 never executed
branch  1 never executed
        -:  913:                    if(DEBUG) {
        -:  914:                        printf("No estate cards in your hand, invalid choice\n");
        -:  915:                        printf("Must gain an estate if there are any\n");
        -:  916:                    }
    #####:  917:                    if (supplyCount(estate, state) > 0) {
call    0 never executed
branch  1 never executed
branch  2 never executed
    #####:  918:                        gainCard(estate, state, 0, currentPlayer);
call    0 never executed
        -:  919:
    #####:  920:                        state->supplyCount[estate]--;//Decrement estates
    #####:  921:                        if (supplyCount(estate, state) == 0) {
call    0 never executed
branch  1 never executed
branch  2 never executed
    #####:  922:                            isGameOver(state);
call    0 never executed
        -:  923:                        }
        -:  924:                    }
    #####:  925:                    card_not_discarded = 0;//Exit the loop
        -:  926:                }
        -:  927:
        -:  928:                else {
    #####:  929:                    p++;//Next card
        -:  930:                }
        -:  931:            }
        -:  932:        }
        -:  933:
        -:  934:        else {
    #####:  935:            if (supplyCount(estate, state) > 0) {
call    0 never executed
branch  1 never executed
branch  2 never executed
    #####:  936:                gainCard(estate, state, 0, currentPlayer);//Gain an estate
call    0 never executed
        -:  937:
    #####:  938:                state->supplyCount[estate]--;//Decrement Estates
    #####:  939:                if (supplyCount(estate, state) == 0) {
call    0 never executed
branch  1 never executed
branch  2 never executed
    #####:  940:                    isGameOver(state);
call    0 never executed
        -:  941:                }
        -:  942:            }
        -:  943:        }
        -:  944:
        -:  945:
    #####:  946:        return 0;
        -:  947:
        -:  948:    case great_hall:
        -:  949:        //+1 Card
    #####:  950:        drawCard(currentPlayer, state);
call    0 never executed
        -:  951:
        -:  952:        //+1 Actions
    #####:  953:        state->numActions++;
        -:  954:
        -:  955:        //discard card from hand
    #####:  956:        discardCard(handPos, currentPlayer, state, 0);
call    0 never executed
    #####:  957:        return 0;
        -:  958:
        -:  959:    case minion:
        -:  960:        //+1 action
    #####:  961:        state->numActions++;
        -:  962:
        -:  963:        //discard card from hand
    #####:  964:        discardCard(handPos, currentPlayer, state, 0);
call    0 never executed
        -:  965:
    #####:  966:		if (choice1)
branch  0 never executed
branch  1 never executed
        -:  967:        {
    #####:  968:            state->coins = state->coins + 2;
        -:  969:        }
    #####:  970:        else if (choice2)		//discard hand, redraw 4, other players with 5+ cards discard hand and draw 4
branch  0 never executed
branch  1 never executed
        -:  971:        {
        -:  972:            //discard hand
    #####:  973:            while(numHandCards(state) > 0)
call    0 never executed
branch  1 never executed
branch  2 never executed
        -:  974:            {
    #####:  975:                discardCard(handPos, currentPlayer, state, 0);
call    0 never executed
        -:  976:            }
        -:  977:
        -:  978:            //draw 4
    #####:  979:            for (i = 0; i < 4; i++)
branch  0 never executed
branch  1 never executed
        -:  980:            {
    #####:  981:                drawCard(currentPlayer, state);
call    0 never executed
        -:  982:            }
        -:  983:
        -:  984:            //other players discard hand and redraw if hand size > 4
    #####:  985:            for (i = 0; i < state->numPlayers; i++)
branch  0 never executed
branch  1 never executed
        -:  986:            {
    #####:  987:                if (i != currentPlayer)
branch  0 never executed
branch  1 never executed
        -:  988:                {
    #####:  989:                    if ( state->handCount[i] > 4 )
branch  0 never executed
branch  1 never executed
        -:  990:                    {
        -:  991:                        //discard hand
    #####:  992:                        while( state->handCount[i] > 0 )
branch  0 never executed
branch  1 never executed
        -:  993:                        {
    #####:  994:                            discardCard(handPos, i, state, 0);
call    0 never executed
        -:  995:                        }
        -:  996:
        -:  997:                        //draw 4
    #####:  998:                        for (j = 0; j < 4; j++)
branch  0 never executed
branch  1 never executed
        -:  999:                        {
    #####: 1000:                            drawCard(i, state);
call    0 never executed
        -: 1001:                        }
        -: 1002:                    }
        -: 1003:                }
        -: 1004:            }
        -: 1005:
        -: 1006:        }
    #####: 1007:        return 0;
        -: 1008:
        -: 1009:    case steward:
    #####: 1010:        if (choice1 == 1)
branch  0 never executed
branch  1 never executed
        -: 1011:        {
        -: 1012:            //+2 cards
    #####: 1013:            drawCard(currentPlayer, state);
call    0 never executed
    #####: 1014:            drawCard(currentPlayer, state);
call    0 never executed
        -: 1015:        }
    #####: 1016:        else if (choice1 == 2)
branch  0 never executed
branch  1 never executed
        -: 1017:        {
        -: 1018:            //+2 coins
    #####: 1019:            state->coins = state->coins + 2;
        -: 1020:        }
        -: 1021:        else
        -: 1022:        {
        -: 1023:            //trash 2 cards in hand
    #####: 1024:            discardCard(choice2, currentPlayer, state, 1);
call    0 never executed
    #####: 1025:            discardCard(choice3, currentPlayer, state, 1);
call    0 never executed
        -: 1026:        }
        -: 1027:
        -: 1028:        //discard card from hand
    #####: 1029:        discardCard(handPos, currentPlayer, state, 0);
call    0 never executed
    #####: 1030:        return 0;
        -: 1031:
        -: 1032:    case tribute:
    #####: 1033:        if ((state->discardCount[nextPlayer] + state->deckCount[nextPlayer]) <= 1) {
branch  0 never executed
branch  1 never executed
    #####: 1034:            if (state->deckCount[nextPlayer] > 0) {
branch  0 never executed
branch  1 never executed
    #####: 1035:                tributeRevealedCards[0] = state->deck[nextPlayer][state->deckCount[nextPlayer]-1];
    #####: 1036:                state->deckCount[nextPlayer]--;
        -: 1037:            }
    #####: 1038:            else if (state->discardCount[nextPlayer] > 0) {
branch  0 never executed
branch  1 never executed
    #####: 1039:                tributeRevealedCards[0] = state->discard[nextPlayer][state->discardCount[nextPlayer]-1];
    #####: 1040:                state->discardCount[nextPlayer]--;
        -: 1041:            }
        -: 1042:            else {
        -: 1043:                //No Card to Reveal
        -: 1044:                if (DEBUG) {
        -: 1045:                    printf("No cards to reveal\n");
        -: 1046:                }
        -: 1047:            }
        -: 1048:        }
        -: 1049:
        -: 1050:        else {
    #####: 1051:            if (state->deckCount[nextPlayer] == 0) {
branch  0 never executed
branch  1 never executed
    #####: 1052:                for (i = 0; i < state->discardCount[nextPlayer]; i++) {
branch  0 never executed
branch  1 never executed
    #####: 1053:                    state->deck[nextPlayer][i] = state->discard[nextPlayer][i];//Move to deck
    #####: 1054:                    state->deckCount[nextPlayer]++;
    #####: 1055:                    state->discard[nextPlayer][i] = -1;
    #####: 1056:                    state->discardCount[nextPlayer]--;
        -: 1057:                }
        -: 1058:
    #####: 1059:                shuffle(nextPlayer,state);//Shuffle the deck
call    0 never executed
        -: 1060:            }
    #####: 1061:            tributeRevealedCards[0] = state->deck[nextPlayer][state->deckCount[nextPlayer]-1];
    #####: 1062:            state->deck[nextPlayer][state->deckCount[nextPlayer]--] = -1;
    #####: 1063:            state->deckCount[nextPlayer]--;
    #####: 1064:            tributeRevealedCards[1] = state->deck[nextPlayer][state->deckCount[nextPlayer]-1];
    #####: 1065:            state->deck[nextPlayer][state->deckCount[nextPlayer]--] = -1;
    #####: 1066:            state->deckCount[nextPlayer]--;
        -: 1067:        }
        -: 1068:
    #####: 1069:        if (tributeRevealedCards[0] == tributeRevealedCards[1]) { //If we have a duplicate card, just drop one
branch  0 never executed
branch  1 never executed
    #####: 1070:            state->playedCards[state->playedCardCount] = tributeRevealedCards[1];
    #####: 1071:            state->playedCardCount++;
    #####: 1072:            tributeRevealedCards[1] = -1;
        -: 1073:        }
        -: 1074:
    #####: 1075:        for (i = 0; i <= 2; i ++) {
branch  0 never executed
branch  1 never executed
    #####: 1076:            if (tributeRevealedCards[i] == copper || tributeRevealedCards[i] == silver || tributeRevealedCards[i] == gold) { //Treasure cards
branch  0 never executed
branch  1 never executed
branch  2 never executed
branch  3 never executed
branch  4 never executed
branch  5 never executed
    #####: 1077:                state->coins += 2;
        -: 1078:            }
        -: 1079:
    #####: 1080:            else if (tributeRevealedCards[i] == estate || tributeRevealedCards[i] == duchy || tributeRevealedCards[i] == province || tributeRevealedCards[i] == gardens || tributeRevealedCards[i] == great_hall) { //Victory Card Found
branch  0 never executed
branch  1 never executed
branch  2 never executed
branch  3 never executed
branch  4 never executed
branch  5 never executed
branch  6 never executed
branch  7 never executed
branch  8 never executed
branch  9 never executed
    #####: 1081:                drawCard(currentPlayer, state);
call    0 never executed
    #####: 1082:                drawCard(currentPlayer, state);
call    0 never executed
        -: 1083:            }
        -: 1084:            else { //Action Card
    #####: 1085:                state->numActions = state->numActions + 2;
        -: 1086:            }
        -: 1087:        }
        -: 1088:
    #####: 1089:        return 0;
        -: 1090:
        -: 1091:    case ambassador:
    #####: 1092:        j = 0;		//used to check if player has enough cards to discard
        -: 1093:
    #####: 1094:        if (choice2 > 2 || choice2 < 0)
branch  0 never executed
branch  1 never executed
branch  2 never executed
branch  3 never executed
        -: 1095:        {
    #####: 1096:            return -1;
        -: 1097:        }
        -: 1098:
    #####: 1099:        if (choice1 == handPos)
branch  0 never executed
branch  1 never executed
        -: 1100:        {
    #####: 1101:            return -1;
        -: 1102:        }
        -: 1103:
    #####: 1104:        for (i = 0; i < state->handCount[currentPlayer]; i++)
branch  0 never executed
branch  1 never executed
        -: 1105:        {
    #####: 1106:            if (i != handPos && i == state->hand[currentPlayer][choice1] && i != choice1)
branch  0 never executed
branch  1 never executed
branch  2 never executed
branch  3 never executed
branch  4 never executed
branch  5 never executed
        -: 1107:            {
    #####: 1108:                j++;
        -: 1109:            }
        -: 1110:        }
    #####: 1111:        if (j < choice2)
branch  0 never executed
branch  1 never executed
        -: 1112:        {
    #####: 1113:            return -1;
        -: 1114:        }
        -: 1115:
        -: 1116:        if (DEBUG)
        -: 1117:            printf("Player %d reveals card number: %d\n", currentPlayer, state->hand[currentPlayer][choice1]);
        -: 1118:
        -: 1119:        //increase supply count for choosen card by amount being discarded
    #####: 1120:        state->supplyCount[state->hand[currentPlayer][choice1]] += choice2;
        -: 1121:
        -: 1122:        //each other player gains a copy of revealed card
    #####: 1123:        for (i = 0; i < state->numPlayers; i++)
branch  0 never executed
branch  1 never executed
        -: 1124:        {
    #####: 1125:            if (i != currentPlayer)
branch  0 never executed
branch  1 never executed
        -: 1126:            {
    #####: 1127:                gainCard(state->hand[currentPlayer][choice1], state, 0, i);
call    0 never executed
        -: 1128:            }
        -: 1129:        }
        -: 1130:
        -: 1131:        //discard played card from hand
    #####: 1132:        discardCard(handPos, currentPlayer, state, 0);
call    0 never executed
        -: 1133:
        -: 1134:        //trash copies of cards returned to supply
    #####: 1135:        for (j = 0; j < choice2; j++)
branch  0 never executed
branch  1 never executed
        -: 1136:        {
    #####: 1137:            for (i = 0; i < state->handCount[currentPlayer]; i++)
branch  0 never executed
branch  1 never executed
        -: 1138:            {
    #####: 1139:                if (state->hand[currentPlayer][i] == state->hand[currentPlayer][choice1])
branch  0 never executed
branch  1 never executed
        -: 1140:                {
    #####: 1141:                    discardCard(i, currentPlayer, state, 1);
call    0 never executed
    #####: 1142:                    break;
        -: 1143:                }
        -: 1144:            }
        -: 1145:        }
        -: 1146:
    #####: 1147:        return 0;
        -: 1148:
        -: 1149:    case cutpurse:
        -: 1150:
    #####: 1151:        updateCoins(currentPlayer, state, 2);
call    0 never executed
    #####: 1152:        for (i = 0; i < state->numPlayers; i++)
branch  0 never executed
branch  1 never executed
        -: 1153:        {
    #####: 1154:            if (i != currentPlayer)
branch  0 never executed
branch  1 never executed
        -: 1155:            {
    #####: 1156:                for (j = 0; j < state->handCount[i]; j++)
branch  0 never executed
branch  1 never executed
        -: 1157:                {
    #####: 1158:                    if (state->hand[i][j] == copper)
branch  0 never executed
branch  1 never executed
        -: 1159:                    {
    #####: 1160:                        discardCard(j, i, state, 0);
call    0 never executed
    #####: 1161:                        break;
        -: 1162:                    }
    #####: 1163:                    if (j == state->handCount[i])
branch  0 never executed
branch  1 never executed
        -: 1164:                    {
    #####: 1165:                        for (k = 0; k < state->handCount[i]; k++)
branch  0 never executed
branch  1 never executed
        -: 1166:                        {
        -: 1167:                            if (DEBUG)
        -: 1168:                                printf("Player %d reveals card number %d\n", i, state->hand[i][k]);
        -: 1169:                        }
    #####: 1170:                        break;
        -: 1171:                    }
        -: 1172:                }
        -: 1173:
        -: 1174:            }
        -: 1175:
        -: 1176:        }
        -: 1177:
        -: 1178:        //discard played card from hand
    #####: 1179:        discardCard(handPos, currentPlayer, state, 0);
call    0 never executed
        -: 1180:
    #####: 1181:        return 0;
        -: 1182:
        -: 1183:
        -: 1184:    case embargo:
        -: 1185:        //+2 Coins
    #####: 1186:        state->coins = state->coins + 2;
        -: 1187:
        -: 1188:        //see if selected pile is in play
    #####: 1189:        if ( state->supplyCount[choice1] == -1 )
branch  0 never executed
branch  1 never executed
        -: 1190:        {
    #####: 1191:            return -1;
        -: 1192:        }
        -: 1193:
        -: 1194:        //add embargo token to selected supply pile
    #####: 1195:        state->embargoTokens[choice1]++;
        -: 1196:
        -: 1197:        //trash card
    #####: 1198:        discardCard(handPos, currentPlayer, state, 1);
call    0 never executed
    #####: 1199:        return 0;
        -: 1200:
        -: 1201:    case outpost:
        -: 1202:        //set outpost flag
    #####: 1203:        state->outpostPlayed++;
        -: 1204:
        -: 1205:        //discard card
    #####: 1206:        discardCard(handPos, currentPlayer, state, 0);
call    0 never executed
    #####: 1207:        return 0;
        -: 1208:
        -: 1209:    case salvager:
        -: 1210:        //+1 buy
    #####: 1211:        state->numBuys++;
        -: 1212:
    #####: 1213:        if (choice1)
branch  0 never executed
branch  1 never executed
        -: 1214:        {
        -: 1215:            //gain coins equal to trashed card
    #####: 1216:            state->coins = state->coins + getCost( handCard(choice1, state) );
call    0 never executed
call    1 never executed
        -: 1217:            //trash card
    #####: 1218:            discardCard(choice1, currentPlayer, state, 1);
call    0 never executed
        -: 1219:        }
        -: 1220:
        -: 1221:        //discard card
    #####: 1222:        discardCard(handPos, currentPlayer, state, 0);
call    0 never executed
    #####: 1223:        return 0;
        -: 1224:
        -: 1225:    case sea_hag:
    #####: 1226:        for (i = 0; i < state->numPlayers; i++) {
branch  0 never executed
branch  1 never executed
    #####: 1227:            if (i != currentPlayer) {
branch  0 never executed
branch  1 never executed
    #####: 1228:                state->discard[i][state->discardCount[i]] = state->deck[i][state->deckCount[i]--];
    #####: 1229:                state->deckCount[i]--;
    #####: 1230:                state->discardCount[i]++;
    #####: 1231:                state->deck[i][state->deckCount[i]--] = curse;//Top card now a curse
        -: 1232:            }
        -: 1233:        }
    #####: 1234:        return 0;
        -: 1235:
        -: 1236:    case treasure_map:
        -: 1237:        //search hand for another treasure_map
    #####: 1238:        index = -1;
    #####: 1239:        for (i = 0; i < state->handCount[currentPlayer]; i++)
branch  0 never executed
branch  1 never executed
        -: 1240:        {
    #####: 1241:            if (state->hand[currentPlayer][i] == treasure_map && i != handPos)
branch  0 never executed
branch  1 never executed
branch  2 never executed
branch  3 never executed
        -: 1242:            {
    #####: 1243:                index = i;
    #####: 1244:                break;
        -: 1245:            }
        -: 1246:        }
    #####: 1247:        if (index > -1)
branch  0 never executed
branch  1 never executed
        -: 1248:        {
        -: 1249:            //trash both treasure cards
    #####: 1250:            discardCard(handPos, currentPlayer, state, 1);
call    0 never executed
    #####: 1251:            discardCard(index, currentPlayer, state, 1);
call    0 never executed
        -: 1252:
        -: 1253:            //gain 4 Gold cards
    #####: 1254:            for (i = 0; i < 4; i++)
branch  0 never executed
branch  1 never executed
        -: 1255:            {
    #####: 1256:                gainCard(gold, state, 1, currentPlayer);
call    0 never executed
        -: 1257:            }
        -: 1258:
        -: 1259:            //return success
    #####: 1260:            return 1;
        -: 1261:        }
        -: 1262:
        -: 1263:        //no second treasure_map found in hand
    #####: 1264:        return -1;
        -: 1265:    }
        -: 1266:
    #####: 1267:    return -1;
        -: 1268:}
        -: 1269:
function discardCard called 1716 returned 100% blocks executed 78%
     1716: 1270:int discardCard(int handPos, int currentPlayer, struct gameState *state, int trashFlag)
        -: 1271:{
        -: 1272:
        -: 1273:    //if card is not trashed, added to Played pile
     1716: 1274:    if (trashFlag < 1)
branch  0 taken 100% (fallthrough)
branch  1 taken 0%
        -: 1275:    {
        -: 1276:        //add card to played pile
     1716: 1277:        state->playedCards[state->playedCardCount] = state->hand[currentPlayer][handPos];
     1716: 1278:        state->playedCardCount++;
        -: 1279:    }
        -: 1280:
        -: 1281:    //set played card to -1
     1716: 1282:    state->hand[currentPlayer][handPos] = -1;
        -: 1283:
        -: 1284:    //remove card from player's hand
     1716: 1285:    if ( handPos == (state->handCount[currentPlayer] - 1) ) 	//last card in hand array is played
branch  0 taken 0% (fallthrough)
branch  1 taken 100%
        -: 1286:    {
        -: 1287:        //reduce number of cards in hand
    #####: 1288:        state->handCount[currentPlayer]--;
        -: 1289:    }
     1716: 1290:    else if ( state->handCount[currentPlayer] == 1 ) //only one card in hand
branch  0 taken 0% (fallthrough)
branch  1 taken 100%
        -: 1291:    {
        -: 1292:        //reduce number of cards in hand
    #####: 1293:        state->handCount[currentPlayer]--;
        -: 1294:    }
        -: 1295:    else
        -: 1296:    {
        -: 1297:        //replace discarded card with last card in hand
     1716: 1298:        state->hand[currentPlayer][handPos] = state->hand[currentPlayer][ (state->handCount[currentPlayer] - 1)];
        -: 1299:        //set last card to -1
     1716: 1300:        state->hand[currentPlayer][state->handCount[currentPlayer] - 1] = -1;
        -: 1301:        //reduce number of cards in hand
     1716: 1302:        state->handCount[currentPlayer]--;
        -: 1303:    }
        -: 1304:
     1716: 1305:    return 0;
        -: 1306:}
        -: 1307:
function gainCard called 858 returned 100% blocks executed 90%
      858: 1308:int gainCard(int supplyPos, struct gameState *state, int toFlag, int player)
        -: 1309:{
        -: 1310:    //Note: supplyPos is enum of choosen card
        -: 1311:
        -: 1312:    //check if supply pile is empty (0) or card is not used in game (-1)
      858: 1313:    if ( supplyCount(supplyPos, state) < 1 )
call    0 returned 100%
branch  1 taken 29% (fallthrough)
branch  2 taken 71%
        -: 1314:    {
      245: 1315:        return -1;
        -: 1316:    }
        -: 1317:
        -: 1318:    //added card for [whoseTurn] current player:
        -: 1319:    // toFlag = 0 : add to discard
        -: 1320:    // toFlag = 1 : add to deck
        -: 1321:    // toFlag = 2 : add to hand
        -: 1322:
      613: 1323:    if (toFlag == 1)
branch  0 taken 0% (fallthrough)
branch  1 taken 100%
        -: 1324:    {
    #####: 1325:        state->deck[ player ][ state->deckCount[player] ] = supplyPos;
    #####: 1326:        state->deckCount[player]++;
        -: 1327:    }
      613: 1328:    else if (toFlag == 2)
branch  0 taken 5% (fallthrough)
branch  1 taken 95%
        -: 1329:    {
       28: 1330:        state->hand[ player ][ state->handCount[player] ] = supplyPos;
       28: 1331:        state->handCount[player]++;
        -: 1332:    }
        -: 1333:    else
        -: 1334:    {
      585: 1335:        state->discard[player][ state->discardCount[player] ] = supplyPos;
      585: 1336:        state->discardCount[player]++;
        -: 1337:    }
        -: 1338:
        -: 1339:    //decrease number in supply pile
      613: 1340:    state->supplyCount[supplyPos]--;
        -: 1341:
      613: 1342:    return 0;
        -: 1343:}
        -: 1344:
function updateCoins called 20 returned 100% blocks executed 82%
       20: 1345:int updateCoins(int player, struct gameState *state, int bonus)
        -: 1346:{
        -: 1347:    int i;
        -: 1348:
        -: 1349:    //reset coin count
       20: 1350:    state->coins = 0;
        -: 1351:
        -: 1352:    //add coins for each Treasure card in player's hand
      120: 1353:    for (i = 0; i < state->handCount[player]; i++)
branch  0 taken 83%
branch  1 taken 17% (fallthrough)
        -: 1354:    {
      100: 1355:        if (state->hand[player][i] == copper)
branch  0 taken 67% (fallthrough)
branch  1 taken 33%
        -: 1356:        {
       67: 1357:            state->coins += 1;
        -: 1358:        }
       33: 1359:        else if (state->hand[player][i] == silver)
branch  0 taken 0% (fallthrough)
branch  1 taken 100%
        -: 1360:        {
    #####: 1361:            state->coins += 2;
        -: 1362:        }
       33: 1363:        else if (state->hand[player][i] == gold)
branch  0 taken 0% (fallthrough)
branch  1 taken 100%
        -: 1364:        {
    #####: 1365:            state->coins += 3;
        -: 1366:        }
        -: 1367:    }
        -: 1368:
        -: 1369:    //add bonus
       20: 1370:    state->coins += bonus;
        -: 1371:
       20: 1372:    return 0;
        -: 1373:}
        -: 1374:
        -: 1375:
        -: 1376://end of dominion.c
        -: 1377:
