        -:    0:Source:dominion.c
        -:    0:Graph:dominion.gcno
        -:    0:Data:dominion.gcda
        -:    0:Runs:5
        -:    0:Programs:4
        -:    1:#include "dominion.h"
        -:    2:#include "dominion_helpers.h"
        -:    3:#include "rngs.h"
        -:    4:#include <stdio.h>
        -:    5:#include <math.h>
        -:    6:#include <stdlib.h>
        -:    7:
function compare called 150 returned 100% blocks executed 83%
      150:    8:int compare(const void* a, const void* b) {
      150:    9:    if (*(int*)a > *(int*)b)
branch  0 taken 0% (fallthrough)
branch  1 taken 100%
    #####:   10:        return 1;
      150:   11:    if (*(int*)a < *(int*)b)
branch  0 taken 27% (fallthrough)
branch  1 taken 73%
       40:   12:        return -1;
      110:   13:    return 0;
        -:   14:}
        -:   15:
function newGame called 0 returned 0% blocks executed 0%
    #####:   16:struct gameState* newGame() {
    #####:   17:    struct gameState* g = malloc(sizeof(struct gameState));
    #####:   18:    return g;
        -:   19:}
        -:   20:
function kingdomCards called 0 returned 0% blocks executed 0%
    #####:   21:int* kingdomCards(int k1, int k2, int k3, int k4, int k5, int k6, int k7,
        -:   22:                  int k8, int k9, int k10) {
    #####:   23:    int* k = malloc(10 * sizeof(int));
    #####:   24:    k[0] = k1;
    #####:   25:    k[1] = k2;
    #####:   26:    k[2] = k3;
    #####:   27:    k[3] = k4;
    #####:   28:    k[4] = k5;
    #####:   29:    k[5] = k6;
    #####:   30:    k[6] = k7;
    #####:   31:    k[7] = k8;
    #####:   32:    k[8] = k9;
    #####:   33:    k[9] = k10;
    #####:   34:    return k;
        -:   35:}
        -:   36:
function initializeGame called 5 returned 100% blocks executed 88%
        5:   37:int initializeGame(int numPlayers, int kingdomCards[10], int randomSeed,
        -:   38:                   struct gameState *state) {
        -:   39:    int i;
        -:   40:    int j;
        -:   41:    int it;
        -:   42:
        -:   43:    //set up random number generator
        5:   44:    SelectStream(1);
call    0 returned 100%
        5:   45:    PutSeed((long)randomSeed);
call    0 returned 100%
        -:   46:
        -:   47:    //check number of players
        5:   48:    if (numPlayers > MAX_PLAYERS || numPlayers < 2)
branch  0 taken 100% (fallthrough)
branch  1 taken 0%
branch  2 taken 0% (fallthrough)
branch  3 taken 100%
        -:   49:    {
    #####:   50:        return -1;
        -:   51:    }
        -:   52:
        -:   53:    //set number of players
        5:   54:    state->numPlayers = numPlayers;
        -:   55:
        -:   56:    //check selected kingdom cards are different
       55:   57:    for (i = 0; i < 10; i++)
branch  0 taken 91%
branch  1 taken 9% (fallthrough)
        -:   58:    {
      550:   59:        for (j = 0; j < 10; j++)
branch  0 taken 91%
branch  1 taken 9% (fallthrough)
        -:   60:        {
      500:   61:            if (j != i && kingdomCards[j] == kingdomCards[i])
branch  0 taken 90% (fallthrough)
branch  1 taken 10%
branch  2 taken 0% (fallthrough)
branch  3 taken 100%
        -:   62:            {
    #####:   63:                return -1;
        -:   64:            }
        -:   65:        }
        -:   66:    }
        -:   67:
        -:   68:
        -:   69:    //initialize supply
        -:   70:    ///////////////////////////////
        -:   71:
        -:   72:    //set number of Curse cards
        5:   73:    if (numPlayers == 2)
branch  0 taken 100% (fallthrough)
branch  1 taken 0%
        -:   74:    {
        5:   75:        state->supplyCount[curse] = 10;
        -:   76:    }
    #####:   77:    else if (numPlayers == 3)
branch  0 never executed
branch  1 never executed
        -:   78:    {
    #####:   79:        state->supplyCount[curse] = 20;
        -:   80:    }
        -:   81:    else
        -:   82:    {
    #####:   83:        state->supplyCount[curse] = 30;
        -:   84:    }
        -:   85:
        -:   86:    //set number of Victory cards
        5:   87:    if (numPlayers == 2)
branch  0 taken 100% (fallthrough)
branch  1 taken 0%
        -:   88:    {
        5:   89:        state->supplyCount[estate] = 8;
        5:   90:        state->supplyCount[duchy] = 8;
        5:   91:        state->supplyCount[province] = 8;
        -:   92:    }
        -:   93:    else
        -:   94:    {
    #####:   95:        state->supplyCount[estate] = 12;
    #####:   96:        state->supplyCount[duchy] = 12;
    #####:   97:        state->supplyCount[province] = 12;
        -:   98:    }
        -:   99:
        -:  100:    //set number of Treasure cards
        5:  101:    state->supplyCount[copper] = 60 - (7 * numPlayers);
        5:  102:    state->supplyCount[silver] = 40;
        5:  103:    state->supplyCount[gold] = 30;
        -:  104:
        -:  105:    //set number of Kingdom cards
      105:  106:    for (i = adventurer; i <= treasure_map; i++)       	//loop all cards
branch  0 taken 95%
branch  1 taken 5% (fallthrough)
        -:  107:    {
      825:  108:        for (j = 0; j < 10; j++)           		//loop chosen cards
branch  0 taken 94%
branch  1 taken 6% (fallthrough)
        -:  109:        {
      775:  110:            if (kingdomCards[j] == i)
branch  0 taken 6% (fallthrough)
branch  1 taken 94%
        -:  111:            {
        -:  112:                //check if card is a 'Victory' Kingdom card
       50:  113:                if (kingdomCards[j] == great_hall || kingdomCards[j] == gardens)
branch  0 taken 90% (fallthrough)
branch  1 taken 10%
branch  2 taken 11% (fallthrough)
branch  3 taken 89%
        -:  114:                {
       20:  115:                    if (numPlayers == 2) {
branch  0 taken 100% (fallthrough)
branch  1 taken 0%
       10:  116:                        state->supplyCount[i] = 8;
        -:  117:                    }
        -:  118:                    else {
    #####:  119:                        state->supplyCount[i] = 12;
        -:  120:                    }
        -:  121:                }
        -:  122:                else
        -:  123:                {
       40:  124:                    state->supplyCount[i] = 10;
        -:  125:                }
       50:  126:                break;
        -:  127:            }
        -:  128:            else    //card is not in the set choosen for the game
        -:  129:            {
      725:  130:                state->supplyCount[i] = -1;
        -:  131:            }
        -:  132:        }
        -:  133:
        -:  134:    }
        -:  135:
        -:  136:    ////////////////////////
        -:  137:    //supply intilization complete
        -:  138:
        -:  139:    //set player decks
       15:  140:    for (i = 0; i < numPlayers; i++)
branch  0 taken 67%
branch  1 taken 33% (fallthrough)
        -:  141:    {
       10:  142:        state->deckCount[i] = 0;
       40:  143:        for (j = 0; j < 3; j++)
branch  0 taken 75%
branch  1 taken 25% (fallthrough)
        -:  144:        {
       30:  145:            state->deck[i][j] = estate;
       30:  146:            state->deckCount[i]++;
        -:  147:        }
       80:  148:        for (j = 3; j < 10; j++)
branch  0 taken 88%
branch  1 taken 13% (fallthrough)
        -:  149:        {
       70:  150:            state->deck[i][j] = copper;
       70:  151:            state->deckCount[i]++;
        -:  152:        }
        -:  153:    }
        -:  154:
        -:  155:    //shuffle player decks
       15:  156:    for (i = 0; i < numPlayers; i++)
branch  0 taken 67%
branch  1 taken 33% (fallthrough)
        -:  157:    {
       10:  158:        if ( shuffle(i, state) < 0 )
call    0 returned 100%
branch  1 taken 0% (fallthrough)
branch  2 taken 100%
        -:  159:        {
    #####:  160:            return -1;
        -:  161:        }
        -:  162:    }
        -:  163:
        -:  164:    //draw player hands
       15:  165:    for (i = 0; i < numPlayers; i++)
branch  0 taken 67%
branch  1 taken 33% (fallthrough)
        -:  166:    {
        -:  167:        //initialize hand size to zero
       10:  168:        state->handCount[i] = 0;
       10:  169:        state->discardCount[i] = 0;
        -:  170:        //draw 5 cards
        -:  171:        // for (j = 0; j < 5; j++)
        -:  172:        //	{
        -:  173:        //	  drawCard(i, state);
        -:  174:        //	}
        -:  175:    }
        -:  176:
        -:  177:    //set embargo tokens to 0 for all supply piles
      140:  178:    for (i = 0; i <= treasure_map; i++)
branch  0 taken 96%
branch  1 taken 4% (fallthrough)
        -:  179:    {
      135:  180:        state->embargoTokens[i] = 0;
        -:  181:    }
        -:  182:
        -:  183:    //initialize first player's turn
        5:  184:    state->outpostPlayed = 0;
        5:  185:    state->phase = 0;
        5:  186:    state->numActions = 1;
        5:  187:    state->numBuys = 1;
        5:  188:    state->playedCardCount = 0;
        5:  189:    state->whoseTurn = 0;
        5:  190:    state->handCount[state->whoseTurn] = 0;
        -:  191:    //int it; move to top
        -:  192:
        -:  193:    //Moved draw cards to here, only drawing at the start of a turn
       30:  194:    for (it = 0; it < 5; it++) {
branch  0 taken 83%
branch  1 taken 17% (fallthrough)
       25:  195:        drawCard(state->whoseTurn, state);
call    0 returned 100%
        -:  196:    }
        -:  197:
        5:  198:    updateCoins(state->whoseTurn, state, 0);
call    0 returned 100%
        -:  199:
        5:  200:    return 0;
        -:  201:}
        -:  202:
function shuffle called 10 returned 100% blocks executed 94%
       10:  203:int shuffle(int player, struct gameState *state) {
        -:  204:
        -:  205:
        -:  206:    int newDeck[MAX_DECK];
       10:  207:    int newDeckPos = 0;
        -:  208:    int card;
        -:  209:    int i;
        -:  210:
       10:  211:    if (state->deckCount[player] < 1)
branch  0 taken 0% (fallthrough)
branch  1 taken 100%
    #####:  212:        return -1;
       10:  213:    qsort ((void*)(state->deck[player]), state->deckCount[player], sizeof(int), compare);
call    0 returned 100%
        -:  214:    /* SORT CARDS IN DECK TO ENSURE DETERMINISM! */
        -:  215:
      120:  216:    while (state->deckCount[player] > 0) {
branch  0 taken 91%
branch  1 taken 9% (fallthrough)
      100:  217:        card = floor(Random() * state->deckCount[player]);
call    0 returned 100%
      100:  218:        newDeck[newDeckPos] = state->deck[player][card];
      100:  219:        newDeckPos++;
      269:  220:        for (i = card; i < state->deckCount[player]-1; i++) {
branch  0 taken 63%
branch  1 taken 37% (fallthrough)
      169:  221:            state->deck[player][i] = state->deck[player][i+1];
        -:  222:        }
      100:  223:        state->deckCount[player]--;
        -:  224:    }
      110:  225:    for (i = 0; i < newDeckPos; i++) {
branch  0 taken 91%
branch  1 taken 9% (fallthrough)
      100:  226:        state->deck[player][i] = newDeck[i];
      100:  227:        state->deckCount[player]++;
        -:  228:    }
        -:  229:
       10:  230:    return 0;
        -:  231:}
        -:  232:
function playCard called 0 returned 0% blocks executed 0%
    #####:  233:int playCard(int handPos, int choice1, int choice2, int choice3, struct gameState *state)
        -:  234:{
        -:  235:    int card;
    #####:  236:    int coin_bonus = 0; 		//tracks coins gain from actions
        -:  237:
        -:  238:    //check if it is the right phase
    #####:  239:    if (state->phase != 0)
branch  0 never executed
branch  1 never executed
        -:  240:    {
    #####:  241:        return -1;
        -:  242:    }
        -:  243:
        -:  244:    //check if player has enough actions
    #####:  245:    if ( state->numActions < 1 )
branch  0 never executed
branch  1 never executed
        -:  246:    {
    #####:  247:        return -1;
        -:  248:    }
        -:  249:
        -:  250:    //get card played
    #####:  251:    card = handCard(handPos, state);
call    0 never executed
        -:  252:
        -:  253:    //check if selected card is an action
    #####:  254:    if ( card < adventurer || card > treasure_map )
branch  0 never executed
branch  1 never executed
branch  2 never executed
branch  3 never executed
        -:  255:    {
    #####:  256:        return -1;
        -:  257:    }
        -:  258:
        -:  259:    //play card
    #####:  260:    if ( cardEffect(card, choice1, choice2, choice3, state, handPos, &coin_bonus) < 0 )
call    0 never executed
branch  1 never executed
branch  2 never executed
        -:  261:    {
    #####:  262:        return -1;
        -:  263:    }
        -:  264:
        -:  265:    //reduce number of actions
    #####:  266:    state->numActions--;
        -:  267:
        -:  268:    //update coins (Treasure cards may be added with card draws)
    #####:  269:    updateCoins(state->whoseTurn, state, coin_bonus);
call    0 never executed
        -:  270:
    #####:  271:    return 0;
        -:  272:}
        -:  273:
function buyCard called 0 returned 0% blocks executed 0%
    #####:  274:int buyCard(int supplyPos, struct gameState *state) {
        -:  275:    int who;
        -:  276:    if (DEBUG) {
        -:  277:        printf("Entering buyCard...\n");
        -:  278:    }
        -:  279:
        -:  280:    // I don't know what to do about the phase thing.
        -:  281:
    #####:  282:    who = state->whoseTurn;
        -:  283:
    #####:  284:    if (state->numBuys < 1) {
branch  0 never executed
branch  1 never executed
        -:  285:        if (DEBUG)
        -:  286:            printf("You do not have any buys left\n");
    #####:  287:        return -1;
    #####:  288:    } else if (supplyCount(supplyPos, state) <1) {
call    0 never executed
branch  1 never executed
branch  2 never executed
        -:  289:        if (DEBUG)
        -:  290:            printf("There are not any of that type of card left\n");
    #####:  291:        return -1;
    #####:  292:    } else if (state->coins < getCost(supplyPos)) {
call    0 never executed
branch  1 never executed
branch  2 never executed
        -:  293:        if (DEBUG)
        -:  294:            printf("You do not have enough money to buy that. You have %d coins.\n", state->coins);
    #####:  295:        return -1;
        -:  296:    } else {
    #####:  297:        state->phase=1;
        -:  298:        //state->supplyCount[supplyPos]--;
    #####:  299:        gainCard(supplyPos, state, 0, who); //card goes in discard, this might be wrong.. (2 means goes into hand, 0 goes into discard)
call    0 never executed
        -:  300:
    #####:  301:        state->coins = (state->coins) - (getCost(supplyPos));
call    0 never executed
    #####:  302:        state->numBuys--;
        -:  303:        if (DEBUG)
        -:  304:            printf("You bought card number %d for %d coins. You now have %d buys and %d coins.\n", supplyPos, getCost(supplyPos), state->numBuys, state->coins);
        -:  305:    }
        -:  306:
        -:  307:    //state->discard[who][state->discardCount[who]] = supplyPos;
        -:  308:    //state->discardCount[who]++;
        -:  309:
    #####:  310:    return 0;
        -:  311:}
        -:  312:
function numHandCards called 0 returned 0% blocks executed 0%
    #####:  313:int numHandCards(struct gameState *state) {
    #####:  314:    return state->handCount[ whoseTurn(state) ];
call    0 never executed
        -:  315:}
        -:  316:
function handCard called 0 returned 0% blocks executed 0%
    #####:  317:int handCard(int handPos, struct gameState *state) {
    #####:  318:    int currentPlayer = whoseTurn(state);
call    0 never executed
    #####:  319:    return state->hand[currentPlayer][handPos];
        -:  320:}
        -:  321:
function supplyCount called 647 returned 100% blocks executed 100%
      647:  322:int supplyCount(int card, struct gameState *state) {
      647:  323:    return state->supplyCount[card];
        -:  324:}
        -:  325:
function fullDeckCount called 0 returned 0% blocks executed 0%
    #####:  326:int fullDeckCount(int player, int card, struct gameState *state) {
        -:  327:    int i;
    #####:  328:    int count = 0;
        -:  329:
    #####:  330:    for (i = 0; i < state->deckCount[player]; i++)
branch  0 never executed
branch  1 never executed
        -:  331:    {
    #####:  332:        if (state->deck[player][i] == card) count++;
branch  0 never executed
branch  1 never executed
        -:  333:    }
        -:  334:
    #####:  335:    for (i = 0; i < state->handCount[player]; i++)
branch  0 never executed
branch  1 never executed
        -:  336:    {
    #####:  337:        if (state->hand[player][i] == card) count++;
branch  0 never executed
branch  1 never executed
        -:  338:    }
        -:  339:
    #####:  340:    for (i = 0; i < state->discardCount[player]; i++)
branch  0 never executed
branch  1 never executed
        -:  341:    {
    #####:  342:        if (state->discard[player][i] == card) count++;
branch  0 never executed
branch  1 never executed
        -:  343:    }
        -:  344:
    #####:  345:    return count;
        -:  346:}
        -:  347:
function whoseTurn called 742 returned 100% blocks executed 100%
      742:  348:int whoseTurn(struct gameState *state) {
      742:  349:    return state->whoseTurn;
        -:  350:}
        -:  351:
function endTurn called 0 returned 0% blocks executed 0%
    #####:  352:int endTurn(struct gameState *state) {
        -:  353:    int k;
        -:  354:    int i;
    #####:  355:    int currentPlayer = whoseTurn(state);
call    0 never executed
        -:  356:
        -:  357:    //Discard hand
    #####:  358:    for (i = 0; i < state->handCount[currentPlayer]; i++) {
branch  0 never executed
branch  1 never executed
    #####:  359:        state->discard[currentPlayer][state->discardCount[currentPlayer]++] = state->hand[currentPlayer][i];//Discard
    #####:  360:        state->hand[currentPlayer][i] = -1;//Set card to -1
        -:  361:    }
    #####:  362:    state->handCount[currentPlayer] = 0;//Reset hand count
        -:  363:
        -:  364:    //Code for determining the player
    #####:  365:    if (currentPlayer < (state->numPlayers - 1)) {
branch  0 never executed
branch  1 never executed
    #####:  366:        state->whoseTurn = currentPlayer + 1;//Still safe to increment
        -:  367:    }
        -:  368:    else {
    #####:  369:        state->whoseTurn = 0;//Max player has been reached, loop back around to player 1
        -:  370:    }
        -:  371:
    #####:  372:    state->outpostPlayed = 0;
    #####:  373:    state->phase = 0;
    #####:  374:    state->numActions = 1;
    #####:  375:    state->coins = 0;
    #####:  376:    state->numBuys = 1;
    #####:  377:    state->playedCardCount = 0;
    #####:  378:    state->handCount[state->whoseTurn] = 0;
        -:  379:
        -:  380:    //int k; move to top
        -:  381:    //Next player draws hand
    #####:  382:    for (k = 0; k < 5; k++) {
branch  0 never executed
branch  1 never executed
    #####:  383:        drawCard(state->whoseTurn, state);//Draw a card
call    0 never executed
        -:  384:    }
        -:  385:
        -:  386:    //Update money
    #####:  387:    updateCoins(state->whoseTurn, state, 0);
call    0 never executed
        -:  388:
    #####:  389:    return 0;
        -:  390:}
        -:  391:
function isGameOver called 1658 returned 100% blocks executed 82%
     1658:  392:int isGameOver(struct gameState *state) {
        -:  393:    int i;
        -:  394:    int j;
        -:  395:
        -:  396:    //if stack of Province cards is empty, the game ends
     1658:  397:    if (state->supplyCount[province] == 0)
branch  0 taken 0% (fallthrough)
branch  1 taken 100%
        -:  398:    {
    #####:  399:        return 1;
        -:  400:    }
        -:  401:
        -:  402:    //if three supply pile are at 0, the game ends
     1658:  403:    j = 0;
    46424:  404:    for (i = 0; i < treasure_map+1; i++)
branch  0 taken 96%
branch  1 taken 4% (fallthrough)
        -:  405:    {
    44766:  406:        if (state->supplyCount[i] == 0)
branch  0 taken 11% (fallthrough)
branch  1 taken 89%
        -:  407:        {
     4974:  408:            j++;
        -:  409:        }
        -:  410:    }
     1658:  411:    if ( j >= 3)
branch  0 taken 100% (fallthrough)
branch  1 taken 0%
        -:  412:    {
     1658:  413:        return 1;
        -:  414:    }
        -:  415:
    #####:  416:    return 0;
        -:  417:}
        -:  418:
function scoreFor called 0 returned 0% blocks executed 0%
    #####:  419:int scoreFor (int player, struct gameState *state) {
        -:  420:
        -:  421:    int i;
    #####:  422:    int score = 0;
        -:  423:    //score from hand
    #####:  424:    for (i = 0; i < state->handCount[player]; i++)
branch  0 never executed
branch  1 never executed
        -:  425:    {
    #####:  426:        if (state->hand[player][i] == curse) {
branch  0 never executed
branch  1 never executed
    #####:  427:            score = score - 1;
        -:  428:        };
    #####:  429:        if (state->hand[player][i] == estate) {
branch  0 never executed
branch  1 never executed
    #####:  430:            score = score + 1;
        -:  431:        };
    #####:  432:        if (state->hand[player][i] == duchy) {
branch  0 never executed
branch  1 never executed
    #####:  433:            score = score + 3;
        -:  434:        };
    #####:  435:        if (state->hand[player][i] == province) {
branch  0 never executed
branch  1 never executed
    #####:  436:            score = score + 6;
        -:  437:        };
    #####:  438:        if (state->hand[player][i] == great_hall) {
branch  0 never executed
branch  1 never executed
    #####:  439:            score = score + 1;
        -:  440:        };
    #####:  441:        if (state->hand[player][i] == gardens) {
branch  0 never executed
branch  1 never executed
    #####:  442:            score = score + ( fullDeckCount(player, 0, state) / 10 );
call    0 never executed
        -:  443:        };
        -:  444:    }
        -:  445:
        -:  446:    //score from discard
    #####:  447:    for (i = 0; i < state->discardCount[player]; i++)
branch  0 never executed
branch  1 never executed
        -:  448:    {
    #####:  449:        if (state->discard[player][i] == curse) {
branch  0 never executed
branch  1 never executed
    #####:  450:            score = score - 1;
        -:  451:        };
    #####:  452:        if (state->discard[player][i] == estate) {
branch  0 never executed
branch  1 never executed
    #####:  453:            score = score + 1;
        -:  454:        };
    #####:  455:        if (state->discard[player][i] == duchy) {
branch  0 never executed
branch  1 never executed
    #####:  456:            score = score + 3;
        -:  457:        };
    #####:  458:        if (state->discard[player][i] == province) {
branch  0 never executed
branch  1 never executed
    #####:  459:            score = score + 6;
        -:  460:        };
    #####:  461:        if (state->discard[player][i] == great_hall) {
branch  0 never executed
branch  1 never executed
    #####:  462:            score = score + 1;
        -:  463:        };
    #####:  464:        if (state->discard[player][i] == gardens) {
branch  0 never executed
branch  1 never executed
    #####:  465:            score = score + ( fullDeckCount(player, 0, state) / 10 );
call    0 never executed
        -:  466:        };
        -:  467:    }
        -:  468:
        -:  469:    //score from deck
    #####:  470:    for (i = 0; i < state->discardCount[player]; i++)
branch  0 never executed
branch  1 never executed
        -:  471:    {
    #####:  472:        if (state->deck[player][i] == curse) {
branch  0 never executed
branch  1 never executed
    #####:  473:            score = score - 1;
        -:  474:        };
    #####:  475:        if (state->deck[player][i] == estate) {
branch  0 never executed
branch  1 never executed
    #####:  476:            score = score + 1;
        -:  477:        };
    #####:  478:        if (state->deck[player][i] == duchy) {
branch  0 never executed
branch  1 never executed
    #####:  479:            score = score + 3;
        -:  480:        };
    #####:  481:        if (state->deck[player][i] == province) {
branch  0 never executed
branch  1 never executed
    #####:  482:            score = score + 6;
        -:  483:        };
    #####:  484:        if (state->deck[player][i] == great_hall) {
branch  0 never executed
branch  1 never executed
    #####:  485:            score = score + 1;
        -:  486:        };
    #####:  487:        if (state->deck[player][i] == gardens) {
branch  0 never executed
branch  1 never executed
    #####:  488:            score = score + ( fullDeckCount(player, 0, state) / 10 );
call    0 never executed
        -:  489:        };
        -:  490:    }
        -:  491:
    #####:  492:    return score;
        -:  493:}
        -:  494:
function getWinners called 0 returned 0% blocks executed 0%
    #####:  495:int getWinners(int players[MAX_PLAYERS], struct gameState *state) {
        -:  496:    int i;
        -:  497:    int j;
        -:  498:    int highScore;
        -:  499:    int currentPlayer;
        -:  500:
        -:  501:    //get score for each player
    #####:  502:    for (i = 0; i < MAX_PLAYERS; i++)
branch  0 never executed
branch  1 never executed
        -:  503:    {
        -:  504:        //set unused player scores to -9999
    #####:  505:        if (i >= state->numPlayers)
branch  0 never executed
branch  1 never executed
        -:  506:        {
    #####:  507:            players[i] = -9999;
        -:  508:        }
        -:  509:        else
        -:  510:        {
    #####:  511:            players[i] = scoreFor (i, state);
call    0 never executed
        -:  512:        }
        -:  513:    }
        -:  514:
        -:  515:    //find highest score
    #####:  516:    j = 0;
    #####:  517:    for (i = 0; i < MAX_PLAYERS; i++)
branch  0 never executed
branch  1 never executed
        -:  518:    {
    #####:  519:        if (players[i] > players[j])
branch  0 never executed
branch  1 never executed
        -:  520:        {
    #####:  521:            j = i;
        -:  522:        }
        -:  523:    }
    #####:  524:    highScore = players[j];
        -:  525:
        -:  526:    //add 1 to players who had less turns
    #####:  527:    currentPlayer = whoseTurn(state);
call    0 never executed
    #####:  528:    for (i = 0; i < MAX_PLAYERS; i++)
branch  0 never executed
branch  1 never executed
        -:  529:    {
    #####:  530:        if ( players[i] == highScore && i > currentPlayer )
branch  0 never executed
branch  1 never executed
branch  2 never executed
branch  3 never executed
        -:  531:        {
    #####:  532:            players[i]++;
        -:  533:        }
        -:  534:    }
        -:  535:
        -:  536:    //find new highest score
    #####:  537:    j = 0;
    #####:  538:    for (i = 0; i < MAX_PLAYERS; i++)
branch  0 never executed
branch  1 never executed
        -:  539:    {
    #####:  540:        if ( players[i] > players[j] )
branch  0 never executed
branch  1 never executed
        -:  541:        {
    #####:  542:            j = i;
        -:  543:        }
        -:  544:    }
    #####:  545:    highScore = players[j];
        -:  546:
        -:  547:    //set winners in array to 1 and rest to 0
    #####:  548:    for (i = 0; i < MAX_PLAYERS; i++)
branch  0 never executed
branch  1 never executed
        -:  549:    {
    #####:  550:        if ( players[i] == highScore )
branch  0 never executed
branch  1 never executed
        -:  551:        {
    #####:  552:            players[i] = 1;
        -:  553:        }
        -:  554:        else
        -:  555:        {
    #####:  556:            players[i] = 0;
        -:  557:        }
        -:  558:    }
        -:  559:
    #####:  560:    return 0;
        -:  561:}
        -:  562:
function drawCard called 25 returned 100% blocks executed 38%
       25:  563:int drawCard(int player, struct gameState *state)
        -:  564:{   int count;
        -:  565:    int deckCounter;
       25:  566:    if (state->deckCount[player] <= 0) { //Deck is empty
branch  0 taken 0% (fallthrough)
branch  1 taken 100%
        -:  567:
        -:  568:        //Step 1 Shuffle the discard pile back into a deck
        -:  569:        int i;
        -:  570:        //Move discard to deck
    #####:  571:        for (i = 0; i < state->discardCount[player]; i++) {
branch  0 never executed
branch  1 never executed
    #####:  572:            state->deck[player][i] = state->discard[player][i];
    #####:  573:            state->discard[player][i] = -1;
        -:  574:        }
        -:  575:
    #####:  576:        state->deckCount[player] = state->discardCount[player];
    #####:  577:        state->discardCount[player] = 0;//Reset discard
        -:  578:
        -:  579:        //Shufffle the deck
    #####:  580:        shuffle(player, state);//Shuffle the deck up and make it so that we can draw
call    0 never executed
        -:  581:
        -:  582:        if (DEBUG) { //Debug statements
        -:  583:            printf("Deck count now: %d\n", state->deckCount[player]);
        -:  584:        }
        -:  585:
    #####:  586:        state->discardCount[player] = 0;
        -:  587:
        -:  588:        //Step 2 Draw Card
    #####:  589:        count = state->handCount[player];//Get current player's hand count
        -:  590:
        -:  591:        if (DEBUG) { //Debug statements
        -:  592:            printf("Current hand count: %d\n", count);
        -:  593:        }
        -:  594:
    #####:  595:        deckCounter = state->deckCount[player];//Create a holder for the deck count
        -:  596:
    #####:  597:        if (deckCounter == 0)
branch  0 never executed
branch  1 never executed
    #####:  598:            return -1;
        -:  599:
    #####:  600:        state->hand[player][count] = state->deck[player][deckCounter - 1];//Add card to hand
    #####:  601:        state->deckCount[player]--;
    #####:  602:        state->handCount[player]++;//Increment hand count
        -:  603:    }
        -:  604:
        -:  605:    else {
       25:  606:        int count = state->handCount[player];//Get current hand count for player
        -:  607:        int deckCounter;
        -:  608:        if (DEBUG) { //Debug statements
        -:  609:            printf("Current hand count: %d\n", count);
        -:  610:        }
        -:  611:
       25:  612:        deckCounter = state->deckCount[player];//Create holder for the deck count
       25:  613:        state->hand[player][count] = state->deck[player][deckCounter - 1];//Add card to the hand
       25:  614:        state->deckCount[player]--;
       25:  615:        state->handCount[player]++;//Increment hand count
        -:  616:    }
        -:  617:
       25:  618:    return 0;
        -:  619:}
        -:  620:
function getCost called 2960 returned 100% blocks executed 97%
     2960:  621:int getCost(int cardNumber)
        -:  622:{
     2960:  623:    switch( cardNumber )
branch  0 taken 4%
branch  1 taken 4%
branch  2 taken 4%
branch  3 taken 4%
branch  4 taken 4%
branch  5 taken 4%
branch  6 taken 4%
branch  7 taken 4%
branch  8 taken 4%
branch  9 taken 4%
branch 10 taken 4%
branch 11 taken 4%
branch 12 taken 4%
branch 13 taken 4%
branch 14 taken 4%
branch 15 taken 4%
branch 16 taken 4%
branch 17 taken 4%
branch 18 taken 4%
branch 19 taken 4%
branch 20 taken 4%
branch 21 taken 4%
branch 22 taken 4%
branch 23 taken 4%
branch 24 taken 4%
branch 25 taken 4%
branch 26 taken 4%
branch 27 taken 0%
        -:  624:    {
        -:  625:    case curse:
      108:  626:        return 0;
        -:  627:    case estate:
      108:  628:        return 2;
        -:  629:    case duchy:
      108:  630:        return 5;
        -:  631:    case province:
      108:  632:        return 8;
        -:  633:    case copper:
      126:  634:        return 0;
        -:  635:    case silver:
      122:  636:        return 3;
        -:  637:    case gold:
      120:  638:        return 6;
        -:  639:    case adventurer:
      108:  640:        return 6;
        -:  641:    case council_room:
      108:  642:        return 5;
        -:  643:    case feast:
      108:  644:        return 4;
        -:  645:    case gardens:
      108:  646:        return 4;
        -:  647:    case mine:
      108:  648:        return 5;
        -:  649:    case remodel:
      108:  650:        return 4;
        -:  651:    case smithy:
      108:  652:        return 4;
        -:  653:    case village:
      108:  654:        return 3;
        -:  655:    case baron:
      108:  656:        return 4;
        -:  657:    case great_hall:
      108:  658:        return 3;
        -:  659:    case minion:
      108:  660:        return 5;
        -:  661:    case steward:
      108:  662:        return 3;
        -:  663:    case tribute:
      108:  664:        return 5;
        -:  665:    case ambassador:
      108:  666:        return 3;
        -:  667:    case cutpurse:
      108:  668:        return 4;
        -:  669:    case embargo:
      108:  670:        return 2;
        -:  671:    case outpost:
      108:  672:        return 5;
        -:  673:    case salvager:
      108:  674:        return 4;
        -:  675:    case sea_hag:
      108:  676:        return 4;
        -:  677:    case treasure_map:
      108:  678:        return 4;
        -:  679:    }
        -:  680:
    #####:  681:    return -1;
        -:  682:}
        -:  683:
function cardEffect called 742 returned 100% blocks executed 13%
      742:  684:int cardEffect(int card, int choice1, int choice2, int choice3, struct gameState *state, int handPos, int *bonus)
        -:  685:{
        -:  686:
        -:  687:    int i;
        -:  688:    int j;
        -:  689:    int k;
        -:  690:    int x;
        -:  691:    int index;
        -:  692:
      742:  693:    int currentPlayer = whoseTurn(state);
call    0 returned 100%
        -:  694:	
      742:  695:    int nextPlayer = currentPlayer + 1;
        -:  696:
      742:  697:    int tributeRevealedCards[2] = {-1, -1};
        -:  698:    int temphand[MAX_HAND];// moved above the if statement
      742:  699:    int drawntreasure=0;
        -:  700:    int cardDrawn;
      742:  701:    int z = 0;// this is the counter for the temp hand
      742:  702:    if (nextPlayer > (state->numPlayers - 1)) {
branch  0 taken 0% (fallthrough)
branch  1 taken 100%
    #####:  703:        nextPlayer = 0;
        -:  704:    }
        -:  705:
        -:  706:
        -:  707:    //uses switch to select card and perform actions
      742:  708:    switch( card )
branch  0 taken 0%
branch  1 taken 0%
branch  2 taken 0%
branch  3 taken 0%
branch  4 taken 2%
branch  5 taken 98%
branch  6 taken 0%
branch  7 taken 0%
branch  8 taken 0%
branch  9 taken 0%
branch 10 taken 0%
branch 11 taken 0%
branch 12 taken 0%
branch 13 taken 0%
branch 14 taken 0%
branch 15 taken 0%
branch 16 taken 0%
branch 17 taken 0%
branch 18 taken 0%
branch 19 taken 0%
branch 20 taken 0%
        -:  709:    {
        -:  710:    case adventurer:
    #####:  711:        while(drawntreasure<2) {
branch  0 never executed
branch  1 never executed
    #####:  712:            if (state->deckCount[currentPlayer] <1) { //if the deck is empty we need to shuffle discard and add to deck
branch  0 never executed
branch  1 never executed
    #####:  713:                shuffle(currentPlayer, state);
call    0 never executed
        -:  714:            }
    #####:  715:            drawCard(currentPlayer, state);
call    0 never executed
    #####:  716:            cardDrawn = state->hand[currentPlayer][state->handCount[currentPlayer]-1];//top card of hand is most recently drawn card.
    #####:  717:            if (cardDrawn == copper || cardDrawn == silver || cardDrawn == gold)
branch  0 never executed
branch  1 never executed
branch  2 never executed
branch  3 never executed
branch  4 never executed
branch  5 never executed
    #####:  718:                drawntreasure++;
        -:  719:            else {
    #####:  720:                temphand[z]=cardDrawn;
    #####:  721:                state->handCount[currentPlayer]--; //this should just remove the top card (the most recently drawn one).
    #####:  722:                z++;
        -:  723:            }
        -:  724:        }
    #####:  725:        while(z-1>=0) {
branch  0 never executed
branch  1 never executed
    #####:  726:            state->discard[currentPlayer][state->discardCount[currentPlayer]++]=temphand[z-1]; // discard all cards in play that have been drawn
    #####:  727:            z=z-1;
        -:  728:        }
    #####:  729:        return 0;
        -:  730:
        -:  731:    case council_room:
        -:  732:        //+4 Cards
    #####:  733:        for (i = 0; i < 4; i++)
branch  0 never executed
branch  1 never executed
        -:  734:        {
    #####:  735:            drawCard(currentPlayer, state);
call    0 never executed
        -:  736:        }
        -:  737:
        -:  738:        //+1 Buy
    #####:  739:        state->numBuys++;
        -:  740:
        -:  741:        //Each other player draws a card
    #####:  742:        for (i = 0; i < state->numPlayers; i++)
branch  0 never executed
branch  1 never executed
        -:  743:        {
    #####:  744:            if ( i != currentPlayer )
branch  0 never executed
branch  1 never executed
        -:  745:            {
    #####:  746:                drawCard(i, state);
call    0 never executed
        -:  747:            }
        -:  748:        }
        -:  749:
        -:  750:        //put played card in played card pile
    #####:  751:        discardCard(handPos, currentPlayer, state, 0);
call    0 never executed
        -:  752:
    #####:  753:        return 0;
        -:  754:
        -:  755:    case feast:
        -:  756:        //gain card with cost up to 5
        -:  757:        //Backup hand
    #####:  758:        for (i = 0; i <= state->handCount[currentPlayer]; i++) {
branch  0 never executed
branch  1 never executed
    #####:  759:            temphand[i] = state->hand[currentPlayer][i];//Backup card
    #####:  760:            state->hand[currentPlayer][i] = -1;//Set to nothing
        -:  761:        }
        -:  762:        //Backup hand
        -:  763:
        -:  764:        //Update Coins for Buy
    #####:  765:        updateCoins(currentPlayer, state, 5);
call    0 never executed
    #####:  766:        x = 1;//Condition to loop on
    #####:  767:        while( x == 1) {//Buy one card
branch  0 never executed
branch  1 never executed
    #####:  768:            if (supplyCount(choice1, state) <= 0) {
call    0 never executed
branch  1 never executed
branch  2 never executed
        -:  769:                if (DEBUG)
        -:  770:                    printf("None of that card left, sorry!\n");
        -:  771:
        -:  772:                if (DEBUG) {
        -:  773:                    printf("Cards Left: %d\n", supplyCount(choice1, state));
        -:  774:                }
        -:  775:            }
    #####:  776:            else if (state->coins < getCost(choice1)) {
call    0 never executed
branch  1 never executed
branch  2 never executed
    #####:  777:                printf("That card is too expensive!\n");
call    0 never executed
        -:  778:
        -:  779:                if (DEBUG) {
        -:  780:                    printf("Coins: %d < %d\n", state->coins, getCost(choice1));
        -:  781:                }
        -:  782:            }
        -:  783:            else {
        -:  784:
        -:  785:                if (DEBUG) {
        -:  786:                    printf("Deck Count: %d\n", state->handCount[currentPlayer] + state->deckCount[currentPlayer] + state->discardCount[currentPlayer]);
        -:  787:                }
        -:  788:
    #####:  789:                gainCard(choice1, state, 0, currentPlayer);//Gain the card
call    0 never executed
    #####:  790:                x = 0;//No more buying cards
        -:  791:
        -:  792:                if (DEBUG) {
        -:  793:                    printf("Deck Count: %d\n", state->handCount[currentPlayer] + state->deckCount[currentPlayer] + state->discardCount[currentPlayer]);
        -:  794:                }
        -:  795:
        -:  796:            }
        -:  797:        }
        -:  798:
        -:  799:        //Reset Hand
    #####:  800:        for (i = 0; i <= state->handCount[currentPlayer]; i++) {
branch  0 never executed
branch  1 never executed
    #####:  801:            state->hand[currentPlayer][i] = temphand[i];
    #####:  802:            temphand[i] = -1;
        -:  803:        }
        -:  804:        //Reset Hand
        -:  805:
    #####:  806:        return 0;
        -:  807:
        -:  808:    case gardens:
    #####:  809:        return -1;
        -:  810:
        -:  811:    case mine:
        -:  812:	
       13:  813:        j = state->hand[currentPlayer][choice1];  //store card we will trash
        -:  814:
       13:  815:        if (state->hand[currentPlayer][choice1] < copper || state->hand[currentPlayer][choice1] > gold)
branch  0 taken 100% (fallthrough)
branch  1 taken 0%
branch  2 taken 0% (fallthrough)
branch  3 taken 100%
        -:  816:        {
    #####:  817:            return -1;
        -:  818:        }
        -:  819:
       13:  820:        if (choice2 > treasure_map || choice2 < curse)
branch  0 taken 100% (fallthrough)
branch  1 taken 0%
branch  2 taken 0% (fallthrough)
branch  3 taken 100%
        -:  821:        {
    #####:  822:            return -1;
        -:  823:        }
        -:  824:
       13:  825:        if ( (getCost(state->hand[currentPlayer][choice1]) + 3) < getCost(choice2) )
call    0 returned 100%
call    1 returned 100%
branch  2 taken 8% (fallthrough)
branch  3 taken 92%
        -:  826:        {
        1:  827:            return -1;
        -:  828:        }
        -:  829:
       12:  830:        gainCard(choice2, state, 2, currentPlayer);
call    0 returned 100%
        -:  831:
        -:  832:        //discard card from hand
       12:  833:        discardCard(handPos, currentPlayer, state, 0);
call    0 returned 100%
        -:  834:
        -:  835:        //discard trashed card
        -:  836:	
       19:  837:        for (i = 0; i < state->handCount[currentPlayer]; i++)
branch  0 taken 100%
branch  1 taken 0% (fallthrough)
        -:  838:        {
        -:  839:			
       19:  840:            if (state->hand[currentPlayer][i] == j)
branch  0 taken 63% (fallthrough)
branch  1 taken 37%
        -:  841:            {
        -:  842:				
       12:  843:                discardCard(i, currentPlayer, state, 1);
call    0 returned 100%
       12:  844:                break;
        -:  845:            }
        -:  846:        }
        -:  847:
       12:  848:        return 0;
        -:  849:
        -:  850:    case remodel:
      729:  851:        j = state->hand[currentPlayer][choice1];  //store card we will trash
        -:  852:
      729:  853:        if ( (getCost(state->hand[currentPlayer][choice1]) + 2) < getCost(choice2) )
call    0 returned 100%
call    1 returned 100%
branch  2 taken 13% (fallthrough)
branch  3 taken 87%
        -:  854:        {
       94:  855:            return -1;
        -:  856:        }
        -:  857:
      635:  858:        gainCard(choice2, state, 0, currentPlayer);
call    0 returned 100%
        -:  859:
        -:  860:        //discard card from hand
      635:  861:        discardCard(handPos, currentPlayer, state, 0);
call    0 returned 100%
        -:  862:
        -:  863:        //discard trashed card
     1266:  864:        for (i = 0; i < state->handCount[currentPlayer]; i++)
branch  0 taken 100%
branch  1 taken 0% (fallthrough)
        -:  865:        {
     1266:  866:            if (state->hand[currentPlayer][i] == j)
branch  0 taken 50% (fallthrough)
branch  1 taken 50%
        -:  867:            {
      635:  868:                discardCard(i, currentPlayer, state, 0);
call    0 returned 100%
      635:  869:                break;
        -:  870:            }
        -:  871:        }
        -:  872:
        -:  873:
      635:  874:        return 0;
        -:  875:
        -:  876:    case smithy:
        -:  877:        //+3 Cards
    #####:  878:        for (i = 0; i < 3; i++)
branch  0 never executed
branch  1 never executed
        -:  879:        {
    #####:  880:            drawCard(currentPlayer, state);
call    0 never executed
        -:  881:        }
        -:  882:
        -:  883:        //discard card from hand
    #####:  884:        discardCard(handPos, currentPlayer, state, 0);
call    0 never executed
    #####:  885:        return 0;
        -:  886:
        -:  887:    case village:
        -:  888:        //+1 Card
    #####:  889:        drawCard(currentPlayer, state);
call    0 never executed
        -:  890:
        -:  891:        //+2 Actions
    #####:  892:        state->numActions = state->numActions + 2;
        -:  893:
        -:  894:        //discard played card from hand
    #####:  895:        discardCard(handPos, currentPlayer, state, 0);
call    0 never executed
    #####:  896:        return 0;
        -:  897:
        -:  898:    case baron:
    #####:  899:        state->numBuys++;//Increase buys by 1!
    #####:  900:        if (choice1 > 0) { //Boolean true or going to discard an estate
branch  0 never executed
branch  1 never executed
    #####:  901:            int p = 0;//Iterator for hand!
    #####:  902:            int card_not_discarded = 1;//Flag for discard set!
    #####:  903:            while(card_not_discarded) {
branch  0 never executed
branch  1 never executed
    #####:  904:                if (state->hand[currentPlayer][p] == estate) { //Found an estate card!
branch  0 never executed
branch  1 never executed
    #####:  905:                    state->coins += 4;//Add 4 coins to the amount of coins
    #####:  906:                    state->discard[currentPlayer][state->discardCount[currentPlayer]] = state->hand[currentPlayer][p];
    #####:  907:                    state->discardCount[currentPlayer]++;
    #####:  908:                    for (; p < state->handCount[currentPlayer]; p++) {
branch  0 never executed
branch  1 never executed
    #####:  909:                        state->hand[currentPlayer][p] = state->hand[currentPlayer][p+1];
        -:  910:                    }
    #####:  911:                    state->hand[currentPlayer][state->handCount[currentPlayer]] = -1;
    #####:  912:                    state->handCount[currentPlayer]--;
    #####:  913:                    card_not_discarded = 0;//Exit the loop
        -:  914:                }
    #####:  915:                else if (p > state->handCount[currentPlayer]) {
branch  0 never executed
branch  1 never executed
        -:  916:                    if(DEBUG) {
        -:  917:                        printf("No estate cards in your hand, invalid choice\n");
        -:  918:                        printf("Must gain an estate if there are any\n");
        -:  919:                    }
    #####:  920:                    if (supplyCount(estate, state) > 0) {
call    0 never executed
branch  1 never executed
branch  2 never executed
    #####:  921:                        gainCard(estate, state, 0, currentPlayer);
call    0 never executed
        -:  922:
    #####:  923:                        state->supplyCount[estate]--;//Decrement estates
    #####:  924:                        if (supplyCount(estate, state) == 0) {
call    0 never executed
branch  1 never executed
branch  2 never executed
    #####:  925:                            isGameOver(state);
call    0 never executed
        -:  926:                        }
        -:  927:                    }
    #####:  928:                    card_not_discarded = 0;//Exit the loop
        -:  929:                }
        -:  930:
        -:  931:                else {
    #####:  932:                    p++;//Next card
        -:  933:                }
        -:  934:            }
        -:  935:        }
        -:  936:
        -:  937:        else {
    #####:  938:            if (supplyCount(estate, state) > 0) {
call    0 never executed
branch  1 never executed
branch  2 never executed
    #####:  939:                gainCard(estate, state, 0, currentPlayer);//Gain an estate
call    0 never executed
        -:  940:
    #####:  941:                state->supplyCount[estate]--;//Decrement Estates
    #####:  942:                if (supplyCount(estate, state) == 0) {
call    0 never executed
branch  1 never executed
branch  2 never executed
    #####:  943:                    isGameOver(state);
call    0 never executed
        -:  944:                }
        -:  945:            }
        -:  946:        }
        -:  947:
        -:  948:
    #####:  949:        return 0;
        -:  950:
        -:  951:    case great_hall:
        -:  952:        //+1 Card
    #####:  953:        drawCard(currentPlayer, state);
call    0 never executed
        -:  954:
        -:  955:        //+1 Actions
    #####:  956:        state->numActions++;
        -:  957:
        -:  958:        //discard card from hand
    #####:  959:        discardCard(handPos, currentPlayer, state, 0);
call    0 never executed
    #####:  960:        return 0;
        -:  961:
        -:  962:    case minion:
        -:  963:        //+1 action
    #####:  964:        state->numActions++;
        -:  965:
        -:  966:        //discard card from hand
    #####:  967:        discardCard(handPos, currentPlayer, state, 0);
call    0 never executed
        -:  968:
    #####:  969:		if (choice1)
branch  0 never executed
branch  1 never executed
        -:  970:        {
    #####:  971:            state->coins = state->coins + 2;
        -:  972:        }
    #####:  973:        else if (choice2)		//discard hand, redraw 4, other players with 5+ cards discard hand and draw 4
branch  0 never executed
branch  1 never executed
        -:  974:        {
        -:  975:            //discard hand
    #####:  976:            while(numHandCards(state) > 0)
call    0 never executed
branch  1 never executed
branch  2 never executed
        -:  977:            {
    #####:  978:                discardCard(handPos, currentPlayer, state, 0);
call    0 never executed
        -:  979:            }
        -:  980:
        -:  981:            //draw 4
    #####:  982:            for (i = 0; i < 4; i++)
branch  0 never executed
branch  1 never executed
        -:  983:            {
    #####:  984:                drawCard(currentPlayer, state);
call    0 never executed
        -:  985:            }
        -:  986:
        -:  987:            //other players discard hand and redraw if hand size > 4
    #####:  988:            for (i = 0; i < state->numPlayers; i++)
branch  0 never executed
branch  1 never executed
        -:  989:            {
    #####:  990:                if (i != currentPlayer)
branch  0 never executed
branch  1 never executed
        -:  991:                {
    #####:  992:                    if ( state->handCount[i] > 4 )
branch  0 never executed
branch  1 never executed
        -:  993:                    {
        -:  994:                        //discard hand
    #####:  995:                        while( state->handCount[i] > 0 )
branch  0 never executed
branch  1 never executed
        -:  996:                        {
    #####:  997:                            discardCard(handPos, i, state, 0);
call    0 never executed
        -:  998:                        }
        -:  999:
        -: 1000:                        //draw 4
    #####: 1001:                        for (j = 0; j < 4; j++)
branch  0 never executed
branch  1 never executed
        -: 1002:                        {
    #####: 1003:                            drawCard(i, state);
call    0 never executed
        -: 1004:                        }
        -: 1005:                    }
        -: 1006:                }
        -: 1007:            }
        -: 1008:
        -: 1009:        }
    #####: 1010:        return 0;
        -: 1011:
        -: 1012:    case steward:
    #####: 1013:        if (choice1 == 1)
branch  0 never executed
branch  1 never executed
        -: 1014:        {
        -: 1015:            //+2 cards
    #####: 1016:            drawCard(currentPlayer, state);
call    0 never executed
    #####: 1017:            drawCard(currentPlayer, state);
call    0 never executed
        -: 1018:        }
    #####: 1019:        else if (choice1 == 2)
branch  0 never executed
branch  1 never executed
        -: 1020:        {
        -: 1021:            //+2 coins
    #####: 1022:            state->coins = state->coins + 2;
        -: 1023:        }
        -: 1024:        else
        -: 1025:        {
        -: 1026:            //trash 2 cards in hand
    #####: 1027:            discardCard(choice2, currentPlayer, state, 1);
call    0 never executed
    #####: 1028:            discardCard(choice3, currentPlayer, state, 1);
call    0 never executed
        -: 1029:        }
        -: 1030:
        -: 1031:        //discard card from hand
    #####: 1032:        discardCard(handPos, currentPlayer, state, 0);
call    0 never executed
    #####: 1033:        return 0;
        -: 1034:
        -: 1035:    case tribute:
    #####: 1036:        if ((state->discardCount[nextPlayer] + state->deckCount[nextPlayer]) <= 1) {
branch  0 never executed
branch  1 never executed
    #####: 1037:            if (state->deckCount[nextPlayer] > 0) {
branch  0 never executed
branch  1 never executed
    #####: 1038:                tributeRevealedCards[0] = state->deck[nextPlayer][state->deckCount[nextPlayer]-1];
    #####: 1039:                state->deckCount[nextPlayer]--;
        -: 1040:            }
    #####: 1041:            else if (state->discardCount[nextPlayer] > 0) {
branch  0 never executed
branch  1 never executed
    #####: 1042:                tributeRevealedCards[0] = state->discard[nextPlayer][state->discardCount[nextPlayer]-1];
    #####: 1043:                state->discardCount[nextPlayer]--;
        -: 1044:            }
        -: 1045:            else {
        -: 1046:                //No Card to Reveal
        -: 1047:                if (DEBUG) {
        -: 1048:                    printf("No cards to reveal\n");
        -: 1049:                }
        -: 1050:            }
        -: 1051:        }
        -: 1052:
        -: 1053:        else {
    #####: 1054:            if (state->deckCount[nextPlayer] == 0) {
branch  0 never executed
branch  1 never executed
    #####: 1055:                for (i = 0; i < state->discardCount[nextPlayer]; i++) {
branch  0 never executed
branch  1 never executed
    #####: 1056:                    state->deck[nextPlayer][i] = state->discard[nextPlayer][i];//Move to deck
    #####: 1057:                    state->deckCount[nextPlayer]++;
    #####: 1058:                    state->discard[nextPlayer][i] = -1;
    #####: 1059:                    state->discardCount[nextPlayer]--;
        -: 1060:                }
        -: 1061:
    #####: 1062:                shuffle(nextPlayer,state);//Shuffle the deck
call    0 never executed
        -: 1063:            }
    #####: 1064:            tributeRevealedCards[0] = state->deck[nextPlayer][state->deckCount[nextPlayer]-1];
    #####: 1065:            state->deck[nextPlayer][state->deckCount[nextPlayer]--] = -1;
    #####: 1066:            state->deckCount[nextPlayer]--;
    #####: 1067:            tributeRevealedCards[1] = state->deck[nextPlayer][state->deckCount[nextPlayer]-1];
    #####: 1068:            state->deck[nextPlayer][state->deckCount[nextPlayer]--] = -1;
    #####: 1069:            state->deckCount[nextPlayer]--;
        -: 1070:        }
        -: 1071:
    #####: 1072:        if (tributeRevealedCards[0] == tributeRevealedCards[1]) { //If we have a duplicate card, just drop one
branch  0 never executed
branch  1 never executed
    #####: 1073:            state->playedCards[state->playedCardCount] = tributeRevealedCards[1];
    #####: 1074:            state->playedCardCount++;
    #####: 1075:            tributeRevealedCards[1] = -1;
        -: 1076:        }
        -: 1077:
    #####: 1078:        for (i = 0; i <= 2; i ++) {
branch  0 never executed
branch  1 never executed
    #####: 1079:            if (tributeRevealedCards[i] == copper || tributeRevealedCards[i] == silver || tributeRevealedCards[i] == gold) { //Treasure cards
branch  0 never executed
branch  1 never executed
branch  2 never executed
branch  3 never executed
branch  4 never executed
branch  5 never executed
    #####: 1080:                state->coins += 2;
        -: 1081:            }
        -: 1082:
    #####: 1083:            else if (tributeRevealedCards[i] == estate || tributeRevealedCards[i] == duchy || tributeRevealedCards[i] == province || tributeRevealedCards[i] == gardens || tributeRevealedCards[i] == great_hall) { //Victory Card Found
branch  0 never executed
branch  1 never executed
branch  2 never executed
branch  3 never executed
branch  4 never executed
branch  5 never executed
branch  6 never executed
branch  7 never executed
branch  8 never executed
branch  9 never executed
    #####: 1084:                drawCard(currentPlayer, state);
call    0 never executed
    #####: 1085:                drawCard(currentPlayer, state);
call    0 never executed
        -: 1086:            }
        -: 1087:            else { //Action Card
    #####: 1088:                state->numActions = state->numActions + 2;
        -: 1089:            }
        -: 1090:        }
        -: 1091:
    #####: 1092:        return 0;
        -: 1093:
        -: 1094:    case ambassador:
    #####: 1095:        j = 0;		//used to check if player has enough cards to discard
        -: 1096:
    #####: 1097:        if (choice2 > 2 || choice2 < 0)
branch  0 never executed
branch  1 never executed
branch  2 never executed
branch  3 never executed
        -: 1098:        {
    #####: 1099:            return -1;
        -: 1100:        }
        -: 1101:
    #####: 1102:        if (choice1 == handPos)
branch  0 never executed
branch  1 never executed
        -: 1103:        {
    #####: 1104:            return -1;
        -: 1105:        }
        -: 1106:
    #####: 1107:        for (i = 0; i < state->handCount[currentPlayer]; i++)
branch  0 never executed
branch  1 never executed
        -: 1108:        {
    #####: 1109:            if (i != handPos && i == state->hand[currentPlayer][choice1] && i != choice1)
branch  0 never executed
branch  1 never executed
branch  2 never executed
branch  3 never executed
branch  4 never executed
branch  5 never executed
        -: 1110:            {
    #####: 1111:                j++;
        -: 1112:            }
        -: 1113:        }
    #####: 1114:        if (j < choice2)
branch  0 never executed
branch  1 never executed
        -: 1115:        {
    #####: 1116:            return -1;
        -: 1117:        }
        -: 1118:
        -: 1119:        if (DEBUG)
        -: 1120:            printf("Player %d reveals card number: %d\n", currentPlayer, state->hand[currentPlayer][choice1]);
        -: 1121:
        -: 1122:        //increase supply count for choosen card by amount being discarded
    #####: 1123:        state->supplyCount[state->hand[currentPlayer][choice1]] += choice2;
        -: 1124:
        -: 1125:        //each other player gains a copy of revealed card
    #####: 1126:        for (i = 0; i < state->numPlayers; i++)
branch  0 never executed
branch  1 never executed
        -: 1127:        {
    #####: 1128:            if (i != currentPlayer)
branch  0 never executed
branch  1 never executed
        -: 1129:            {
    #####: 1130:                gainCard(state->hand[currentPlayer][choice1], state, 0, i);
call    0 never executed
        -: 1131:            }
        -: 1132:        }
        -: 1133:
        -: 1134:        //discard played card from hand
    #####: 1135:        discardCard(handPos, currentPlayer, state, 0);
call    0 never executed
        -: 1136:
        -: 1137:        //trash copies of cards returned to supply
    #####: 1138:        for (j = 0; j < choice2; j++)
branch  0 never executed
branch  1 never executed
        -: 1139:        {
    #####: 1140:            for (i = 0; i < state->handCount[currentPlayer]; i++)
branch  0 never executed
branch  1 never executed
        -: 1141:            {
    #####: 1142:                if (state->hand[currentPlayer][i] == state->hand[currentPlayer][choice1])
branch  0 never executed
branch  1 never executed
        -: 1143:                {
    #####: 1144:                    discardCard(i, currentPlayer, state, 1);
call    0 never executed
    #####: 1145:                    break;
        -: 1146:                }
        -: 1147:            }
        -: 1148:        }
        -: 1149:
    #####: 1150:        return 0;
        -: 1151:
        -: 1152:    case cutpurse:
        -: 1153:
    #####: 1154:        updateCoins(currentPlayer, state, 2);
call    0 never executed
    #####: 1155:        for (i = 0; i < state->numPlayers; i++)
branch  0 never executed
branch  1 never executed
        -: 1156:        {
    #####: 1157:            if (i != currentPlayer)
branch  0 never executed
branch  1 never executed
        -: 1158:            {
    #####: 1159:                for (j = 0; j < state->handCount[i]; j++)
branch  0 never executed
branch  1 never executed
        -: 1160:                {
    #####: 1161:                    if (state->hand[i][j] == copper)
branch  0 never executed
branch  1 never executed
        -: 1162:                    {
    #####: 1163:                        discardCard(j, i, state, 0);
call    0 never executed
    #####: 1164:                        break;
        -: 1165:                    }
    #####: 1166:                    if (j == state->handCount[i])
branch  0 never executed
branch  1 never executed
        -: 1167:                    {
    #####: 1168:                        for (k = 0; k < state->handCount[i]; k++)
branch  0 never executed
branch  1 never executed
        -: 1169:                        {
        -: 1170:                            if (DEBUG)
        -: 1171:                                printf("Player %d reveals card number %d\n", i, state->hand[i][k]);
        -: 1172:                        }
    #####: 1173:                        break;
        -: 1174:                    }
        -: 1175:                }
        -: 1176:
        -: 1177:            }
        -: 1178:
        -: 1179:        }
        -: 1180:
        -: 1181:        //discard played card from hand
    #####: 1182:        discardCard(handPos, currentPlayer, state, 0);
call    0 never executed
        -: 1183:
    #####: 1184:        return 0;
        -: 1185:
        -: 1186:
        -: 1187:    case embargo:
        -: 1188:        //+2 Coins
    #####: 1189:        state->coins = state->coins + 2;
        -: 1190:
        -: 1191:        //see if selected pile is in play
    #####: 1192:        if ( state->supplyCount[choice1] == -1 )
branch  0 never executed
branch  1 never executed
        -: 1193:        {
    #####: 1194:            return -1;
        -: 1195:        }
        -: 1196:
        -: 1197:        //add embargo token to selected supply pile
    #####: 1198:        state->embargoTokens[choice1]++;
        -: 1199:
        -: 1200:        //trash card
    #####: 1201:        discardCard(handPos, currentPlayer, state, 1);
call    0 never executed
    #####: 1202:        return 0;
        -: 1203:
        -: 1204:    case outpost:
        -: 1205:        //set outpost flag
    #####: 1206:        state->outpostPlayed++;
        -: 1207:
        -: 1208:        //discard card
    #####: 1209:        discardCard(handPos, currentPlayer, state, 0);
call    0 never executed
    #####: 1210:        return 0;
        -: 1211:
        -: 1212:    case salvager:
        -: 1213:        //+1 buy
    #####: 1214:        state->numBuys++;
        -: 1215:
    #####: 1216:        if (choice1)
branch  0 never executed
branch  1 never executed
        -: 1217:        {
        -: 1218:            //gain coins equal to trashed card
    #####: 1219:            state->coins = state->coins + getCost( handCard(choice1, state) );
call    0 never executed
call    1 never executed
        -: 1220:            //trash card
    #####: 1221:            discardCard(choice1, currentPlayer, state, 1);
call    0 never executed
        -: 1222:        }
        -: 1223:
        -: 1224:        //discard card
    #####: 1225:        discardCard(handPos, currentPlayer, state, 0);
call    0 never executed
    #####: 1226:        return 0;
        -: 1227:
        -: 1228:    case sea_hag:
    #####: 1229:        for (i = 0; i < state->numPlayers; i++) {
branch  0 never executed
branch  1 never executed
    #####: 1230:            if (i != currentPlayer) {
branch  0 never executed
branch  1 never executed
    #####: 1231:                state->discard[i][state->discardCount[i]] = state->deck[i][state->deckCount[i]--];
    #####: 1232:                state->deckCount[i]--;
    #####: 1233:                state->discardCount[i]++;
    #####: 1234:                state->deck[i][state->deckCount[i]--] = curse;//Top card now a curse
        -: 1235:            }
        -: 1236:        }
    #####: 1237:        return 0;
        -: 1238:
        -: 1239:    case treasure_map:
        -: 1240:        //search hand for another treasure_map
    #####: 1241:        index = -1;
    #####: 1242:        for (i = 0; i < state->handCount[currentPlayer]; i++)
branch  0 never executed
branch  1 never executed
        -: 1243:        {
    #####: 1244:            if (state->hand[currentPlayer][i] == treasure_map && i != handPos)
branch  0 never executed
branch  1 never executed
branch  2 never executed
branch  3 never executed
        -: 1245:            {
    #####: 1246:                index = i;
    #####: 1247:                break;
        -: 1248:            }
        -: 1249:        }
    #####: 1250:        if (index > -1)
branch  0 never executed
branch  1 never executed
        -: 1251:        {
        -: 1252:            //trash both treasure cards
    #####: 1253:            discardCard(handPos, currentPlayer, state, 1);
call    0 never executed
    #####: 1254:            discardCard(index, currentPlayer, state, 1);
call    0 never executed
        -: 1255:
        -: 1256:            //gain 4 Gold cards
    #####: 1257:            for (i = 0; i < 4; i++)
branch  0 never executed
branch  1 never executed
        -: 1258:            {
    #####: 1259:                gainCard(gold, state, 1, currentPlayer);
call    0 never executed
        -: 1260:            }
        -: 1261:
        -: 1262:            //return success
    #####: 1263:            return 1;
        -: 1264:        }
        -: 1265:
        -: 1266:        //no second treasure_map found in hand
    #####: 1267:        return -1;
        -: 1268:    }
        -: 1269:
    #####: 1270:    return -1;
        -: 1271:}
        -: 1272:
function discardCard called 1294 returned 100% blocks executed 78%
     1294: 1273:int discardCard(int handPos, int currentPlayer, struct gameState *state, int trashFlag)
        -: 1274:{
        -: 1275:
        -: 1276:    //if card is not trashed, added to Played pile
     1294: 1277:    if (trashFlag < 1)
branch  0 taken 99% (fallthrough)
branch  1 taken 1%
        -: 1278:    {
        -: 1279:        //add card to played pile
     1282: 1280:        state->playedCards[state->playedCardCount] = state->hand[currentPlayer][handPos];
     1282: 1281:        state->playedCardCount++;
        -: 1282:    }
        -: 1283:
        -: 1284:    //set played card to -1
     1294: 1285:    state->hand[currentPlayer][handPos] = -1;
        -: 1286:
        -: 1287:    //remove card from player's hand
     1294: 1288:    if ( handPos == (state->handCount[currentPlayer] - 1) ) 	//last card in hand array is played
branch  0 taken 0% (fallthrough)
branch  1 taken 100%
        -: 1289:    {
        -: 1290:        //reduce number of cards in hand
    #####: 1291:        state->handCount[currentPlayer]--;
        -: 1292:    }
     1294: 1293:    else if ( state->handCount[currentPlayer] == 1 ) //only one card in hand
branch  0 taken 0% (fallthrough)
branch  1 taken 100%
        -: 1294:    {
        -: 1295:        //reduce number of cards in hand
    #####: 1296:        state->handCount[currentPlayer]--;
        -: 1297:    }
        -: 1298:    else
        -: 1299:    {
        -: 1300:        //replace discarded card with last card in hand
     1294: 1301:        state->hand[currentPlayer][handPos] = state->hand[currentPlayer][ (state->handCount[currentPlayer] - 1)];
        -: 1302:        //set last card to -1
     1294: 1303:        state->hand[currentPlayer][state->handCount[currentPlayer] - 1] = -1;
        -: 1304:        //reduce number of cards in hand
     1294: 1305:        state->handCount[currentPlayer]--;
        -: 1306:    }
        -: 1307:
     1294: 1308:    return 0;
        -: 1309:}
        -: 1310:
function gainCard called 647 returned 100% blocks executed 90%
      647: 1311:int gainCard(int supplyPos, struct gameState *state, int toFlag, int player)
        -: 1312:{
        -: 1313:    //Note: supplyPos is enum of choosen card
        -: 1314:
        -: 1315:    //check if supply pile is empty (0) or card is not used in game (-1)
      647: 1316:    if ( supplyCount(supplyPos, state) < 1 )
call    0 returned 100%
branch  1 taken 38% (fallthrough)
branch  2 taken 62%
        -: 1317:    {
      246: 1318:        return -1;
        -: 1319:    }
        -: 1320:
        -: 1321:    //added card for [whoseTurn] current player:
        -: 1322:    // toFlag = 0 : add to discard
        -: 1323:    // toFlag = 1 : add to deck
        -: 1324:    // toFlag = 2 : add to hand
        -: 1325:
      401: 1326:    if (toFlag == 1)
branch  0 taken 0% (fallthrough)
branch  1 taken 100%
        -: 1327:    {
    #####: 1328:        state->deck[ player ][ state->deckCount[player] ] = supplyPos;
    #####: 1329:        state->deckCount[player]++;
        -: 1330:    }
      401: 1331:    else if (toFlag == 2)
branch  0 taken 3% (fallthrough)
branch  1 taken 97%
        -: 1332:    {
       12: 1333:        state->hand[ player ][ state->handCount[player] ] = supplyPos;
       12: 1334:        state->handCount[player]++;
        -: 1335:    }
        -: 1336:    else
        -: 1337:    {
      389: 1338:        state->discard[player][ state->discardCount[player] ] = supplyPos;
      389: 1339:        state->discardCount[player]++;
        -: 1340:    }
        -: 1341:
        -: 1342:    //decrease number in supply pile
      401: 1343:    state->supplyCount[supplyPos]--;
        -: 1344:
      401: 1345:    return 0;
        -: 1346:}
        -: 1347:
function updateCoins called 5 returned 100% blocks executed 82%
        5: 1348:int updateCoins(int player, struct gameState *state, int bonus)
        -: 1349:{
        -: 1350:    int i;
        -: 1351:
        -: 1352:    //reset coin count
        5: 1353:    state->coins = 0;
        -: 1354:
        -: 1355:    //add coins for each Treasure card in player's hand
       30: 1356:    for (i = 0; i < state->handCount[player]; i++)
branch  0 taken 83%
branch  1 taken 17% (fallthrough)
        -: 1357:    {
       25: 1358:        if (state->hand[player][i] == copper)
branch  0 taken 64% (fallthrough)
branch  1 taken 36%
        -: 1359:        {
       16: 1360:            state->coins += 1;
        -: 1361:        }
        9: 1362:        else if (state->hand[player][i] == silver)
branch  0 taken 0% (fallthrough)
branch  1 taken 100%
        -: 1363:        {
    #####: 1364:            state->coins += 2;
        -: 1365:        }
        9: 1366:        else if (state->hand[player][i] == gold)
branch  0 taken 0% (fallthrough)
branch  1 taken 100%
        -: 1367:        {
    #####: 1368:            state->coins += 3;
        -: 1369:        }
        -: 1370:    }
        -: 1371:
        -: 1372:    //add bonus
        5: 1373:    state->coins += bonus;
        -: 1374:
        5: 1375:    return 0;
        -: 1376:}
        -: 1377:
        -: 1378:
        -: 1379://end of dominion.c
        -: 1380:
